[11:11:40.817674 WARN] [openstudio.workflow.OSWorkflow] No valid weather file defined in either the osm or osw.
[11:11:49.177588 ERROR] [openstudio.measure.OSRunner] Cannot find current Workflow Step
[11:11:49.455734 WARN] [openstudio.WorkflowStepResult] WorkflowStepResult value called with undefined stepResult, returning 'Success'
[11:11:49.542193 ERROR] [openstudio.measure.OSRunner] Cannot find current Workflow Step
[11:11:49.597860 WARN] [openstudio.EpwFile] Successive data points (1999-Jan-31 to 2002-Feb-01, ending on line 753) are greater than 1 day apart in EPW file 'C:/Users/Arnav/Documents/Research/Trane Technologies/resstock-3.2.0_repo/resstock-3.2.0/resources/hpxml-measures/weather/../../../weather/G3900490.epw'. Data will be treated as typical (TMY)
[11:11:49.702511 WARN] [openstudio.EpwFile] Successive data points (1999-Jan-31 to 2002-Feb-01, ending on line 753) are greater than 1 day apart in EPW file 'C:/Users/Arnav/Documents/Research/Trane Technologies/resstock-3.2.0_repo/resstock-3.2.0/resources/hpxml-measures/weather/../../../weather/G3900490.epw'. Data will be treated as typical (TMY)
[11:11:51.367972 WARN] [openstudio.WorkflowStepResult] WorkflowStepResult value called with undefined stepResult, returning 'Success'
[11:11:51.379491 ERROR] [openstudio.measure.OSRunner] Cannot find current Workflow Step
[11:11:51.987823 WARN] [openstudio.EpwFile] Successive data points (1999-Jan-31 to 2002-Feb-01, ending on line 753) are greater than 1 day apart in EPW file 'C:/Users/Arnav/Documents/Research/Trane Technologies/resstock-3.2.0_repo/resstock-3.2.0/weather/G3900490.epw'. Data will be treated as typical (TMY)
[11:11:55.066027 WARN] [openstudio.WorkflowStepResult] WorkflowStepResult value called with undefined stepResult, returning 'Success'
[11:11:55.161416 WARN] [openstudio.EpwFile] Successive data points (1999-Jan-31 to 2002-Feb-01, ending on line 753) are greater than 1 day apart in EPW file 'C:/Users/Arnav/Documents/Research/Trane Technologies/resstock-3.2.0_repo/resstock-3.2.0/weather/G3900490.epw'. Data will be treated as typical (TMY)
[11:11:55.210379 WARN] [openstudio.measure.OSRunner] The model contains existing objects and is being reset.
[11:11:55.682764 WARN] [openstudio.measure.OSRunner] The model contains existing objects and is being reset.
[11:11:55.755957 WARN] [openstudio.EpwFile] Successive data points (1999-Jan-31 to 2002-Feb-01, ending on line 753) are greater than 1 day apart in EPW file 'C:/Users/Arnav/Documents/Research/Trane Technologies/resstock-3.2.0_repo/resstock-3.2.0/weather/G3900490.epw'. Data will be treated as typical (TMY)
[11:11:56.016762 WARN] [openstudio.EpwFile] Successive data points (1999-Jan-31 to 2002-Feb-01, ending on line 753) are greater than 1 day apart in EPW file 'C:/Users/Arnav/Documents/Research/Trane Technologies/resstock-3.2.0_repo/resstock-3.2.0/weather/G3900490.epw'. Data will be treated as typical (TMY)
[11:11:56.856599 WARN] [openstudio.measure.OSRunner] Both 'occupants' schedule file and weekday fractions provided; the latter will be ignored.
[11:11:56.857688 WARN] [openstudio.measure.OSRunner] Both 'occupants' schedule file and weekend fractions provided; the latter will be ignored.
[11:11:56.857688 WARN] [openstudio.measure.OSRunner] Both 'occupants' schedule file and monthly multipliers provided; the latter will be ignored.
[11:11:56.880224 WARN] [openstudio.measure.OSRunner] Both 'ceiling_fan' schedule file and weekday fractions provided; the latter will be ignored.
[11:11:56.880224 WARN] [openstudio.measure.OSRunner] Both 'ceiling_fan' schedule file and weekend fractions provided; the latter will be ignored.
[11:11:56.880224 WARN] [openstudio.measure.OSRunner] Both 'ceiling_fan' schedule file and monthly multipliers provided; the latter will be ignored.
[11:11:56.897838 WARN] [openstudio.measure.OSRunner] Both 'clothes_washer' schedule file and weekday fractions provided; the latter will be ignored.
[11:11:56.897838 WARN] [openstudio.measure.OSRunner] Both 'clothes_washer' schedule file and weekend fractions provided; the latter will be ignored.
[11:11:56.897838 WARN] [openstudio.measure.OSRunner] Both 'clothes_washer' schedule file and monthly multipliers provided; the latter will be ignored.
[11:11:56.905640 WARN] [openstudio.measure.OSRunner] Both 'clothes_dryer' schedule file and weekday fractions provided; the latter will be ignored.
[11:11:56.905640 WARN] [openstudio.measure.OSRunner] Both 'clothes_dryer' schedule file and weekend fractions provided; the latter will be ignored.
[11:11:56.905640 WARN] [openstudio.measure.OSRunner] Both 'clothes_dryer' schedule file and monthly multipliers provided; the latter will be ignored.
[11:11:56.908654 WARN] [openstudio.measure.OSRunner] Both 'dishwasher' schedule file and weekday fractions provided; the latter will be ignored.
[11:11:56.908654 WARN] [openstudio.measure.OSRunner] Both 'dishwasher' schedule file and weekend fractions provided; the latter will be ignored.
[11:11:56.908654 WARN] [openstudio.measure.OSRunner] Both 'dishwasher' schedule file and monthly multipliers provided; the latter will be ignored.
[11:11:56.921231 WARN] [openstudio.measure.OSRunner] Both 'cooking_range' schedule file and weekday fractions provided; the latter will be ignored.
[11:11:56.921231 WARN] [openstudio.measure.OSRunner] Both 'cooking_range' schedule file and weekend fractions provided; the latter will be ignored.
[11:11:56.921231 WARN] [openstudio.measure.OSRunner] Both 'cooking_range' schedule file and monthly multipliers provided; the latter will be ignored.
[11:11:56.927836 WARN] [openstudio.measure.OSRunner] Both 'hot_water_fixtures' schedule file and weekday fractions provided; the latter will be ignored.
[11:11:56.927836 WARN] [openstudio.measure.OSRunner] Both 'hot_water_fixtures' schedule file and weekend fractions provided; the latter will be ignored.
[11:11:56.927836 WARN] [openstudio.measure.OSRunner] Both 'hot_water_fixtures' schedule file and monthly multipliers provided; the latter will be ignored.
[11:11:56.941867 WARN] [openstudio.measure.OSRunner] Both 'plug_loads_other' schedule file and weekday fractions provided; the latter will be ignored.
[11:11:56.941867 WARN] [openstudio.measure.OSRunner] Both 'plug_loads_other' schedule file and weekend fractions provided; the latter will be ignored.
[11:11:56.941867 WARN] [openstudio.measure.OSRunner] Both 'plug_loads_other' schedule file and monthly multipliers provided; the latter will be ignored.
[11:11:57.189938 WARN] [utilities.idf.WorkspaceObject] Object of type 'Schedule:Constant' and named 'Always Off Discrete', points to an object named OnOff 1 from field 1, but that object cannot be located.
[11:11:57.189938 WARN] [utilities.idf.WorkspaceObject] Object of type 'Schedule:Constant' and named 'Always On Continuous', points to an object named Fractional 1 from field 1, but that object cannot be located.
[11:12:02.184712 WARN] [openstudio.workflow.OSWorkflow] Unable to find sql file at C:/Users/Arnav/Documents/Research/Trane Technologies/resstock-3.2.0_repo/resstock-3.2.0/columbus_upgrades_single_50_plus_unit_residence/run1/run/eplusout.sql
