Building ID: 1. Upgrade Name: Baseline. Job ID: run1
[15:41:04.481645 WARN] [openstudio.measure.OSRunner] The model contains existing objects and is being reset.
[15:41:04.994708 WARN] [openstudio.measure.OSRunner] The model contains existing objects and is being reset.
[15:41:07.003541 WARN] [openstudio.measure.OSRunner] Both 'occupants' schedule file and weekday fractions provided; the latter will be ignored.
[15:41:07.003541 WARN] [openstudio.measure.OSRunner] Both 'occupants' schedule file and weekend fractions provided; the latter will be ignored.
[15:41:07.003541 WARN] [openstudio.measure.OSRunner] Both 'occupants' schedule file and monthly multipliers provided; the latter will be ignored.
[15:41:07.031094 WARN] [openstudio.measure.OSRunner] Both 'ceiling_fan' schedule file and weekday fractions provided; the latter will be ignored.
[15:41:07.031094 WARN] [openstudio.measure.OSRunner] Both 'ceiling_fan' schedule file and weekend fractions provided; the latter will be ignored.
[15:41:07.031094 WARN] [openstudio.measure.OSRunner] Both 'ceiling_fan' schedule file and monthly multipliers provided; the latter will be ignored.
[15:41:07.055765 WARN] [openstudio.measure.OSRunner] Both 'clothes_washer' schedule file and weekday fractions provided; the latter will be ignored.
[15:41:07.055765 WARN] [openstudio.measure.OSRunner] Both 'clothes_washer' schedule file and weekend fractions provided; the latter will be ignored.
[15:41:07.055765 WARN] [openstudio.measure.OSRunner] Both 'clothes_washer' schedule file and monthly multipliers provided; the latter will be ignored.
[15:41:07.059994 WARN] [openstudio.measure.OSRunner] Both 'clothes_dryer' schedule file and weekday fractions provided; the latter will be ignored.
[15:41:07.059994 WARN] [openstudio.measure.OSRunner] Both 'clothes_dryer' schedule file and weekend fractions provided; the latter will be ignored.
[15:41:07.059994 WARN] [openstudio.measure.OSRunner] Both 'clothes_dryer' schedule file and monthly multipliers provided; the latter will be ignored.
[15:41:07.066841 WARN] [openstudio.measure.OSRunner] Both 'dishwasher' schedule file and weekday fractions provided; the latter will be ignored.
[15:41:07.066841 WARN] [openstudio.measure.OSRunner] Both 'dishwasher' schedule file and weekend fractions provided; the latter will be ignored.
[15:41:07.067809 WARN] [openstudio.measure.OSRunner] Both 'dishwasher' schedule file and monthly multipliers provided; the latter will be ignored.
[15:41:07.095169 WARN] [openstudio.measure.OSRunner] Both 'cooking_range' schedule file and weekday fractions provided; the latter will be ignored.
[15:41:07.096317 WARN] [openstudio.measure.OSRunner] Both 'cooking_range' schedule file and weekend fractions provided; the latter will be ignored.
[15:41:07.096317 WARN] [openstudio.measure.OSRunner] Both 'cooking_range' schedule file and monthly multipliers provided; the latter will be ignored.
[15:41:07.104412 WARN] [openstudio.measure.OSRunner] Both 'hot_water_fixtures' schedule file and weekday fractions provided; the latter will be ignored.
[15:41:07.104412 WARN] [openstudio.measure.OSRunner] Both 'hot_water_fixtures' schedule file and weekend fractions provided; the latter will be ignored.
[15:41:07.104412 WARN] [openstudio.measure.OSRunner] Both 'hot_water_fixtures' schedule file and monthly multipliers provided; the latter will be ignored.
[15:41:07.121258 WARN] [openstudio.measure.OSRunner] Both 'plug_loads_other' schedule file and weekday fractions provided; the latter will be ignored.
[15:41:07.122258 WARN] [openstudio.measure.OSRunner] Both 'plug_loads_other' schedule file and weekend fractions provided; the latter will be ignored.
[15:41:07.122258 WARN] [openstudio.measure.OSRunner] Both 'plug_loads_other' schedule file and monthly multipliers provided; the latter will be ignored.
[15:41:07.130303 WARN] [openstudio.measure.OSRunner] Both 'lighting_garage' schedule file and weekday fractions provided; the latter will be ignored.
[15:41:07.130303 WARN] [openstudio.measure.OSRunner] Both 'lighting_garage' schedule file and weekend fractions provided; the latter will be ignored.
[15:41:07.130303 WARN] [openstudio.measure.OSRunner] Both 'lighting_garage' schedule file and monthly multipliers provided; the latter will be ignored.

