[19:41:56.090113 WARN] [openstudio.workflow.OSWorkflow] No valid weather file defined in either the osm or osw.
[19:42:04.032458 ERROR] [openstudio.measure.OSRunner] Cannot find current Workflow Step
[19:42:04.399642 WARN] [openstudio.WorkflowStepResult] WorkflowStepResult value called with undefined stepResult, returning 'Success'
[19:42:04.471860 ERROR] [openstudio.measure.OSRunner] Cannot find current Workflow Step
[19:42:04.527047 WARN] [openstudio.EpwFile] Successive data points (1999-Jan-31 to 2003-Feb-01, ending on line 753) are greater than 1 day apart in EPW file 'c:/Users/Arnav/Documents/Research/Trane Technologies/resstock-3.2.0_repo/resstock-3.2.0/resources/hpxml-measures/weather/../../../weather/G2700530.epw'. Data will be treated as typical (TMY)
[19:42:04.606894 WARN] [openstudio.EpwFile] Successive data points (1999-Jan-31 to 2003-Feb-01, ending on line 753) are greater than 1 day apart in EPW file 'c:/Users/Arnav/Documents/Research/Trane Technologies/resstock-3.2.0_repo/resstock-3.2.0/resources/hpxml-measures/weather/../../../weather/G2700530.epw'. Data will be treated as typical (TMY)
[19:42:07.436207 WARN] [openstudio.WorkflowStepResult] WorkflowStepResult value called with undefined stepResult, returning 'Success'
[19:42:07.453806 ERROR] [openstudio.measure.OSRunner] Cannot find current Workflow Step
[19:42:08.213236 WARN] [openstudio.EpwFile] Successive data points (1999-Jan-31 to 2003-Feb-01, ending on line 753) are greater than 1 day apart in EPW file 'c:/Users/Arnav/Documents/Research/Trane Technologies/resstock-3.2.0_repo/resstock-3.2.0/weather/G2700530.epw'. Data will be treated as typical (TMY)
[19:42:10.598602 WARN] [openstudio.WorkflowStepResult] WorkflowStepResult value called with undefined stepResult, returning 'Success'
[19:42:10.731593 WARN] [openstudio.EpwFile] Successive data points (1999-Jan-31 to 2003-Feb-01, ending on line 753) are greater than 1 day apart in EPW file 'c:/Users/Arnav/Documents/Research/Trane Technologies/resstock-3.2.0_repo/resstock-3.2.0/weather/G2700530.epw'. Data will be treated as typical (TMY)
[19:42:10.812942 WARN] [openstudio.measure.OSRunner] The model contains existing objects and is being reset.
[19:42:10.813463 WARN] [openstudio.measure.OSRunner] Foundation type of 'AboveApartment' cannot have a non-zero height. Assuming height is zero.
[19:42:10.813463 WARN] [openstudio.measure.OSRunner] c:/Users/Arnav/Documents/Research/Trane Technologies/resstock-3.2.0_repo/resstock-3.2.0/minneapolis_upgrades_single_2_unit_residence/run2/run/existing.xml: No clothes washer specified, the model will not include clothes washer energy use. [context: /HPXML/Building/BuildingDetails, id: "MyBuilding"]
[19:42:10.813463 WARN] [openstudio.measure.OSRunner] c:/Users/Arnav/Documents/Research/Trane Technologies/resstock-3.2.0_repo/resstock-3.2.0/minneapolis_upgrades_single_2_unit_residence/run2/run/existing.xml: No clothes dryer specified, the model will not include clothes dryer energy use. [context: /HPXML/Building/BuildingDetails, id: "MyBuilding"]
[19:42:10.813463 WARN] [openstudio.measure.OSRunner] c:/Users/Arnav/Documents/Research/Trane Technologies/resstock-3.2.0_repo/resstock-3.2.0/minneapolis_upgrades_single_2_unit_residence/run2/run/existing.xml: No dishwasher specified, the model will not include dishwasher energy use. [context: /HPXML/Building/BuildingDetails, id: "MyBuilding"]
[19:42:10.813463 WARN] [openstudio.measure.OSRunner] c:/Users/Arnav/Documents/Research/Trane Technologies/resstock-3.2.0_repo/resstock-3.2.0/minneapolis_upgrades_single_2_unit_residence/run2/run/existing.xml: No clothes washer specified, the model will not include clothes washer energy use. [context: /HPXML/Building/BuildingDetails, id: "MyBuilding"]
[19:42:10.813463 WARN] [openstudio.measure.OSRunner] c:/Users/Arnav/Documents/Research/Trane Technologies/resstock-3.2.0_repo/resstock-3.2.0/minneapolis_upgrades_single_2_unit_residence/run2/run/existing.xml: No clothes dryer specified, the model will not include clothes dryer energy use. [context: /HPXML/Building/BuildingDetails, id: "MyBuilding"]
[19:42:10.813463 WARN] [openstudio.measure.OSRunner] c:/Users/Arnav/Documents/Research/Trane Technologies/resstock-3.2.0_repo/resstock-3.2.0/minneapolis_upgrades_single_2_unit_residence/run2/run/existing.xml: No dishwasher specified, the model will not include dishwasher energy use. [context: /HPXML/Building/BuildingDetails, id: "MyBuilding"]
[19:42:14.799179 ERROR] [openstudio.measure.OSRunner] Cannot find current Workflow Step
[19:42:15.118810 WARN] [openstudio.WorkflowStepResult] WorkflowStepResult value called with undefined stepResult, returning 'Success'
[19:42:15.249620 ERROR] [openstudio.measure.OSRunner] Cannot find current Workflow Step
[19:42:15.314024 WARN] [openstudio.EpwFile] Successive data points (1999-Jan-31 to 2003-Feb-01, ending on line 753) are greater than 1 day apart in EPW file 'c:/Users/Arnav/Documents/Research/Trane Technologies/resstock-3.2.0_repo/resstock-3.2.0/resources/hpxml-measures/weather/../../../weather/G2700530.epw'. Data will be treated as typical (TMY)
[19:42:15.401417 WARN] [openstudio.EpwFile] Successive data points (1999-Jan-31 to 2003-Feb-01, ending on line 753) are greater than 1 day apart in EPW file 'c:/Users/Arnav/Documents/Research/Trane Technologies/resstock-3.2.0_repo/resstock-3.2.0/resources/hpxml-measures/weather/../../../weather/G2700530.epw'. Data will be treated as typical (TMY)
[19:42:17.615775 WARN] [openstudio.WorkflowStepResult] WorkflowStepResult value called with undefined stepResult, returning 'Success'
[19:42:17.656249 ERROR] [openstudio.measure.OSRunner] Cannot find current Workflow Step
[19:42:17.827240 WARN] [openstudio.EpwFile] Successive data points (1999-Jan-31 to 2003-Feb-01, ending on line 753) are greater than 1 day apart in EPW file 'c:/Users/Arnav/Documents/Research/Trane Technologies/resstock-3.2.0_repo/resstock-3.2.0/weather/G2700530.epw'. Data will be treated as typical (TMY)
[19:42:20.527599 WARN] [openstudio.WorkflowStepResult] WorkflowStepResult value called with undefined stepResult, returning 'Success'
[19:42:20.548472 WARN] [openstudio.measure.OSRunner] Specified incompatible corridor; setting corridor position to 'Single Exterior (Front)'.
[19:42:21.308140 WARN] [openstudio.measure.OSRunner] The model contains existing objects and is being reset.
[19:42:21.428154 WARN] [openstudio.EpwFile] Successive data points (1999-Jan-31 to 2003-Feb-01, ending on line 753) are greater than 1 day apart in EPW file 'c:/Users/Arnav/Documents/Research/Trane Technologies/resstock-3.2.0_repo/resstock-3.2.0/weather/G2700530.epw'. Data will be treated as typical (TMY)
[19:42:21.773380 WARN] [openstudio.EpwFile] Successive data points (1999-Jan-31 to 2003-Feb-01, ending on line 753) are greater than 1 day apart in EPW file 'c:/Users/Arnav/Documents/Research/Trane Technologies/resstock-3.2.0_repo/resstock-3.2.0/weather/G2700530.epw'. Data will be treated as typical (TMY)
[19:42:23.715934 WARN] [openstudio.measure.OSRunner] HVAC setpoints have been automatically adjusted to prevent periods where the heating setpoint is greater than the cooling setpoint.
[19:42:23.945825 WARN] [openstudio.measure.OSRunner] Both 'occupants' schedule file and weekday fractions provided; the latter will be ignored.
[19:42:23.945825 WARN] [openstudio.measure.OSRunner] Both 'occupants' schedule file and weekend fractions provided; the latter will be ignored.
[19:42:23.945825 WARN] [openstudio.measure.OSRunner] Both 'occupants' schedule file and monthly multipliers provided; the latter will be ignored.
[19:42:24.071955 WARN] [openstudio.measure.OSRunner] Both 'ceiling_fan' schedule file and weekday fractions provided; the latter will be ignored.
[19:42:24.071955 WARN] [openstudio.measure.OSRunner] Both 'ceiling_fan' schedule file and weekend fractions provided; the latter will be ignored.
[19:42:24.071955 WARN] [openstudio.measure.OSRunner] Both 'ceiling_fan' schedule file and monthly multipliers provided; the latter will be ignored.
[19:42:24.149529 WARN] [openstudio.measure.OSRunner] Both 'cooking_range' schedule file and weekday fractions provided; the latter will be ignored.
[19:42:24.150532 WARN] [openstudio.measure.OSRunner] Both 'cooking_range' schedule file and weekend fractions provided; the latter will be ignored.
[19:42:24.150532 WARN] [openstudio.measure.OSRunner] Both 'cooking_range' schedule file and monthly multipliers provided; the latter will be ignored.
[19:42:24.173825 WARN] [openstudio.measure.OSRunner] Both 'hot_water_fixtures' schedule file and weekday fractions provided; the latter will be ignored.
[19:42:24.173825 WARN] [openstudio.measure.OSRunner] Both 'hot_water_fixtures' schedule file and weekend fractions provided; the latter will be ignored.
[19:42:24.173825 WARN] [openstudio.measure.OSRunner] Both 'hot_water_fixtures' schedule file and monthly multipliers provided; the latter will be ignored.
[19:42:24.190041 WARN] [openstudio.measure.OSRunner] Both 'plug_loads_other' schedule file and weekday fractions provided; the latter will be ignored.
[19:42:24.190041 WARN] [openstudio.measure.OSRunner] Both 'plug_loads_other' schedule file and weekend fractions provided; the latter will be ignored.
[19:42:24.190041 WARN] [openstudio.measure.OSRunner] Both 'plug_loads_other' schedule file and monthly multipliers provided; the latter will be ignored.
[19:42:24.752581 WARN] [utilities.idf.WorkspaceObject] Object of type 'Schedule:Constant' and named 'Always Off Discrete', points to an object named OnOff 1 from field 1, but that object cannot be located.
[19:42:24.752581 WARN] [utilities.idf.WorkspaceObject] Object of type 'Schedule:Constant' and named 'Always On Continuous', points to an object named Fractional 1 from field 1, but that object cannot be located.
[19:42:34.265482 WARN] [openstudio.workflow.OSWorkflow] Unable to find sql file at c:/Users/Arnav/Documents/Research/Trane Technologies/resstock-3.2.0_repo/resstock-3.2.0/minneapolis_upgrades_single_2_unit_residence/run2/run/eplusout.sql
