Building ID: 1. Upgrade Name: Baseline. Job ID: run1
[19:41:35.911025 WARN] [openstudio.measure.OSRunner] The model contains existing objects and is being reset.
[19:41:35.911025 WARN] [openstudio.measure.OSRunner] Foundation type of 'AboveApartment' cannot have a non-zero height. Assuming height is zero.
[19:41:35.911025 WARN] [openstudio.measure.OSRunner] c:/Users/Arnav/Documents/Research/Trane Technologies/resstock-3.2.0_repo/resstock-3.2.0/minneapolis_upgrades_single_2_unit_residence/run1/run/existing.xml: No clothes washer specified, the model will not include clothes washer energy use. [context: /HPXML/Building/BuildingDetails, id: "MyBuilding"]
[19:41:35.911025 WARN] [openstudio.measure.OSRunner] c:/Users/Arnav/Documents/Research/Trane Technologies/resstock-3.2.0_repo/resstock-3.2.0/minneapolis_upgrades_single_2_unit_residence/run1/run/existing.xml: No clothes dryer specified, the model will not include clothes dryer energy use. [context: /HPXML/Building/BuildingDetails, id: "MyBuilding"]
[19:41:35.912026 WARN] [openstudio.measure.OSRunner] c:/Users/Arnav/Documents/Research/Trane Technologies/resstock-3.2.0_repo/resstock-3.2.0/minneapolis_upgrades_single_2_unit_residence/run1/run/existing.xml: No dishwasher specified, the model will not include dishwasher energy use. [context: /HPXML/Building/BuildingDetails, id: "MyBuilding"]
[19:41:35.912026 WARN] [openstudio.measure.OSRunner] c:/Users/Arnav/Documents/Research/Trane Technologies/resstock-3.2.0_repo/resstock-3.2.0/minneapolis_upgrades_single_2_unit_residence/run1/run/existing.xml: No clothes washer specified, the model will not include clothes washer energy use. [context: /HPXML/Building/BuildingDetails, id: "MyBuilding"]
[19:41:35.912026 WARN] [openstudio.measure.OSRunner] c:/Users/Arnav/Documents/Research/Trane Technologies/resstock-3.2.0_repo/resstock-3.2.0/minneapolis_upgrades_single_2_unit_residence/run1/run/existing.xml: No clothes dryer specified, the model will not include clothes dryer energy use. [context: /HPXML/Building/BuildingDetails, id: "MyBuilding"]
[19:41:35.912026 WARN] [openstudio.measure.OSRunner] c:/Users/Arnav/Documents/Research/Trane Technologies/resstock-3.2.0_repo/resstock-3.2.0/minneapolis_upgrades_single_2_unit_residence/run1/run/existing.xml: No dishwasher specified, the model will not include dishwasher energy use. [context: /HPXML/Building/BuildingDetails, id: "MyBuilding"]
[19:41:36.646197 WARN] [openstudio.measure.OSRunner] The model contains existing objects and is being reset.
[19:41:38.545657 WARN] [openstudio.measure.OSRunner] HVAC setpoints have been automatically adjusted to prevent periods where the heating setpoint is greater than the cooling setpoint.
[19:41:39.372735 WARN] [openstudio.measure.OSRunner] Both 'occupants' schedule file and weekday fractions provided; the latter will be ignored.
[19:41:39.373793 WARN] [openstudio.measure.OSRunner] Both 'occupants' schedule file and weekend fractions provided; the latter will be ignored.
[19:41:39.373793 WARN] [openstudio.measure.OSRunner] Both 'occupants' schedule file and monthly multipliers provided; the latter will be ignored.
[19:41:40.406931 WARN] [openstudio.measure.OSRunner] Both 'ceiling_fan' schedule file and weekday fractions provided; the latter will be ignored.
[19:41:40.406931 WARN] [openstudio.measure.OSRunner] Both 'ceiling_fan' schedule file and weekend fractions provided; the latter will be ignored.
[19:41:40.406931 WARN] [openstudio.measure.OSRunner] Both 'ceiling_fan' schedule file and monthly multipliers provided; the latter will be ignored.
[19:41:40.882506 WARN] [openstudio.measure.OSRunner] Both 'cooking_range' schedule file and weekday fractions provided; the latter will be ignored.
[19:41:40.883506 WARN] [openstudio.measure.OSRunner] Both 'cooking_range' schedule file and weekend fractions provided; the latter will be ignored.
[19:41:40.883506 WARN] [openstudio.measure.OSRunner] Both 'cooking_range' schedule file and monthly multipliers provided; the latter will be ignored.
[19:41:40.947466 WARN] [openstudio.measure.OSRunner] Both 'hot_water_fixtures' schedule file and weekday fractions provided; the latter will be ignored.
[19:41:40.947466 WARN] [openstudio.measure.OSRunner] Both 'hot_water_fixtures' schedule file and weekend fractions provided; the latter will be ignored.
[19:41:40.947466 WARN] [openstudio.measure.OSRunner] Both 'hot_water_fixtures' schedule file and monthly multipliers provided; the latter will be ignored.
[19:41:40.978358 WARN] [openstudio.measure.OSRunner] Both 'plug_loads_other' schedule file and weekday fractions provided; the latter will be ignored.
[19:41:40.978358 WARN] [openstudio.measure.OSRunner] Both 'plug_loads_other' schedule file and weekend fractions provided; the latter will be ignored.
[19:41:40.978358 WARN] [openstudio.measure.OSRunner] Both 'plug_loads_other' schedule file and monthly multipliers provided; the latter will be ignored.

Building ID: 1. Upgrade Name: ASHP. Job ID: run2
[19:42:10.812942 WARN] [openstudio.measure.OSRunner] The model contains existing objects and is being reset.
[19:42:10.813463 WARN] [openstudio.measure.OSRunner] Foundation type of 'AboveApartment' cannot have a non-zero height. Assuming height is zero.
[19:42:10.813463 WARN] [openstudio.measure.OSRunner] c:/Users/Arnav/Documents/Research/Trane Technologies/resstock-3.2.0_repo/resstock-3.2.0/minneapolis_upgrades_single_2_unit_residence/run2/run/existing.xml: No clothes washer specified, the model will not include clothes washer energy use. [context: /HPXML/Building/BuildingDetails, id: "MyBuilding"]
[19:42:10.813463 WARN] [openstudio.measure.OSRunner] c:/Users/Arnav/Documents/Research/Trane Technologies/resstock-3.2.0_repo/resstock-3.2.0/minneapolis_upgrades_single_2_unit_residence/run2/run/existing.xml: No clothes dryer specified, the model will not include clothes dryer energy use. [context: /HPXML/Building/BuildingDetails, id: "MyBuilding"]
[19:42:10.813463 WARN] [openstudio.measure.OSRunner] c:/Users/Arnav/Documents/Research/Trane Technologies/resstock-3.2.0_repo/resstock-3.2.0/minneapolis_upgrades_single_2_unit_residence/run2/run/existing.xml: No dishwasher specified, the model will not include dishwasher energy use. [context: /HPXML/Building/BuildingDetails, id: "MyBuilding"]
[19:42:10.813463 WARN] [openstudio.measure.OSRunner] c:/Users/Arnav/Documents/Research/Trane Technologies/resstock-3.2.0_repo/resstock-3.2.0/minneapolis_upgrades_single_2_unit_residence/run2/run/existing.xml: No clothes washer specified, the model will not include clothes washer energy use. [context: /HPXML/Building/BuildingDetails, id: "MyBuilding"]
[19:42:10.813463 WARN] [openstudio.measure.OSRunner] c:/Users/Arnav/Documents/Research/Trane Technologies/resstock-3.2.0_repo/resstock-3.2.0/minneapolis_upgrades_single_2_unit_residence/run2/run/existing.xml: No clothes dryer specified, the model will not include clothes dryer energy use. [context: /HPXML/Building/BuildingDetails, id: "MyBuilding"]
[19:42:10.813463 WARN] [openstudio.measure.OSRunner] c:/Users/Arnav/Documents/Research/Trane Technologies/resstock-3.2.0_repo/resstock-3.2.0/minneapolis_upgrades_single_2_unit_residence/run2/run/existing.xml: No dishwasher specified, the model will not include dishwasher energy use. [context: /HPXML/Building/BuildingDetails, id: "MyBuilding"]
[19:42:20.548472 WARN] [openstudio.measure.OSRunner] Specified incompatible corridor; setting corridor position to 'Single Exterior (Front)'.
[19:42:21.308140 WARN] [openstudio.measure.OSRunner] The model contains existing objects and is being reset.
[19:42:23.715934 WARN] [openstudio.measure.OSRunner] HVAC setpoints have been automatically adjusted to prevent periods where the heating setpoint is greater than the cooling setpoint.
[19:42:23.945825 WARN] [openstudio.measure.OSRunner] Both 'occupants' schedule file and weekday fractions provided; the latter will be ignored.
[19:42:23.945825 WARN] [openstudio.measure.OSRunner] Both 'occupants' schedule file and weekend fractions provided; the latter will be ignored.
[19:42:23.945825 WARN] [openstudio.measure.OSRunner] Both 'occupants' schedule file and monthly multipliers provided; the latter will be ignored.
[19:42:24.071955 WARN] [openstudio.measure.OSRunner] Both 'ceiling_fan' schedule file and weekday fractions provided; the latter will be ignored.
[19:42:24.071955 WARN] [openstudio.measure.OSRunner] Both 'ceiling_fan' schedule file and weekend fractions provided; the latter will be ignored.
[19:42:24.071955 WARN] [openstudio.measure.OSRunner] Both 'ceiling_fan' schedule file and monthly multipliers provided; the latter will be ignored.
[19:42:24.149529 WARN] [openstudio.measure.OSRunner] Both 'cooking_range' schedule file and weekday fractions provided; the latter will be ignored.
[19:42:24.150532 WARN] [openstudio.measure.OSRunner] Both 'cooking_range' schedule file and weekend fractions provided; the latter will be ignored.
[19:42:24.150532 WARN] [openstudio.measure.OSRunner] Both 'cooking_range' schedule file and monthly multipliers provided; the latter will be ignored.
[19:42:24.173825 WARN] [openstudio.measure.OSRunner] Both 'hot_water_fixtures' schedule file and weekday fractions provided; the latter will be ignored.
[19:42:24.173825 WARN] [openstudio.measure.OSRunner] Both 'hot_water_fixtures' schedule file and weekend fractions provided; the latter will be ignored.
[19:42:24.173825 WARN] [openstudio.measure.OSRunner] Both 'hot_water_fixtures' schedule file and monthly multipliers provided; the latter will be ignored.
[19:42:24.190041 WARN] [openstudio.measure.OSRunner] Both 'plug_loads_other' schedule file and weekday fractions provided; the latter will be ignored.
[19:42:24.190041 WARN] [openstudio.measure.OSRunner] Both 'plug_loads_other' schedule file and weekend fractions provided; the latter will be ignored.
[19:42:24.190041 WARN] [openstudio.measure.OSRunner] Both 'plug_loads_other' schedule file and monthly multipliers provided; the latter will be ignored.

Building ID: 1. Upgrade Name: MSHP. Job ID: run3
[19:43:03.123191 WARN] [openstudio.measure.OSRunner] The model contains existing objects and is being reset.
[19:43:03.123191 WARN] [openstudio.measure.OSRunner] Foundation type of 'AboveApartment' cannot have a non-zero height. Assuming height is zero.
[19:43:03.123191 WARN] [openstudio.measure.OSRunner] c:/Users/Arnav/Documents/Research/Trane Technologies/resstock-3.2.0_repo/resstock-3.2.0/minneapolis_upgrades_single_2_unit_residence/run3/run/existing.xml: No clothes washer specified, the model will not include clothes washer energy use. [context: /HPXML/Building/BuildingDetails, id: "MyBuilding"]
[19:43:03.123191 WARN] [openstudio.measure.OSRunner] c:/Users/Arnav/Documents/Research/Trane Technologies/resstock-3.2.0_repo/resstock-3.2.0/minneapolis_upgrades_single_2_unit_residence/run3/run/existing.xml: No clothes dryer specified, the model will not include clothes dryer energy use. [context: /HPXML/Building/BuildingDetails, id: "MyBuilding"]
[19:43:03.123191 WARN] [openstudio.measure.OSRunner] c:/Users/Arnav/Documents/Research/Trane Technologies/resstock-3.2.0_repo/resstock-3.2.0/minneapolis_upgrades_single_2_unit_residence/run3/run/existing.xml: No dishwasher specified, the model will not include dishwasher energy use. [context: /HPXML/Building/BuildingDetails, id: "MyBuilding"]
[19:43:03.123191 WARN] [openstudio.measure.OSRunner] c:/Users/Arnav/Documents/Research/Trane Technologies/resstock-3.2.0_repo/resstock-3.2.0/minneapolis_upgrades_single_2_unit_residence/run3/run/existing.xml: No clothes washer specified, the model will not include clothes washer energy use. [context: /HPXML/Building/BuildingDetails, id: "MyBuilding"]
[19:43:03.123191 WARN] [openstudio.measure.OSRunner] c:/Users/Arnav/Documents/Research/Trane Technologies/resstock-3.2.0_repo/resstock-3.2.0/minneapolis_upgrades_single_2_unit_residence/run3/run/existing.xml: No clothes dryer specified, the model will not include clothes dryer energy use. [context: /HPXML/Building/BuildingDetails, id: "MyBuilding"]
[19:43:03.123191 WARN] [openstudio.measure.OSRunner] c:/Users/Arnav/Documents/Research/Trane Technologies/resstock-3.2.0_repo/resstock-3.2.0/minneapolis_upgrades_single_2_unit_residence/run3/run/existing.xml: No dishwasher specified, the model will not include dishwasher energy use. [context: /HPXML/Building/BuildingDetails, id: "MyBuilding"]
[19:43:14.097934 WARN] [openstudio.measure.OSRunner] Specified incompatible corridor; setting corridor position to 'Single Exterior (Front)'.
[19:43:15.157560 WARN] [openstudio.measure.OSRunner] The model contains existing objects and is being reset.
[19:43:16.936820 WARN] [openstudio.measure.OSRunner] HVAC setpoints have been automatically adjusted to prevent periods where the heating setpoint is greater than the cooling setpoint.
[19:43:17.082291 WARN] [openstudio.measure.OSRunner] Both 'occupants' schedule file and weekday fractions provided; the latter will be ignored.
[19:43:17.082291 WARN] [openstudio.measure.OSRunner] Both 'occupants' schedule file and weekend fractions provided; the latter will be ignored.
[19:43:17.082291 WARN] [openstudio.measure.OSRunner] Both 'occupants' schedule file and monthly multipliers provided; the latter will be ignored.
[19:43:17.162246 WARN] [openstudio.measure.OSRunner] Both 'ceiling_fan' schedule file and weekday fractions provided; the latter will be ignored.
[19:43:17.163633 WARN] [openstudio.measure.OSRunner] Both 'ceiling_fan' schedule file and weekend fractions provided; the latter will be ignored.
[19:43:17.164157 WARN] [openstudio.measure.OSRunner] Both 'ceiling_fan' schedule file and monthly multipliers provided; the latter will be ignored.
[19:43:17.231058 WARN] [openstudio.measure.OSRunner] Both 'cooking_range' schedule file and weekday fractions provided; the latter will be ignored.
[19:43:17.232060 WARN] [openstudio.measure.OSRunner] Both 'cooking_range' schedule file and weekend fractions provided; the latter will be ignored.
[19:43:17.232060 WARN] [openstudio.measure.OSRunner] Both 'cooking_range' schedule file and monthly multipliers provided; the latter will be ignored.
[19:43:17.254540 WARN] [openstudio.measure.OSRunner] Both 'hot_water_fixtures' schedule file and weekday fractions provided; the latter will be ignored.
[19:43:17.254540 WARN] [openstudio.measure.OSRunner] Both 'hot_water_fixtures' schedule file and weekend fractions provided; the latter will be ignored.
[19:43:17.254540 WARN] [openstudio.measure.OSRunner] Both 'hot_water_fixtures' schedule file and monthly multipliers provided; the latter will be ignored.
[19:43:17.271839 WARN] [openstudio.measure.OSRunner] Both 'plug_loads_other' schedule file and weekday fractions provided; the latter will be ignored.
[19:43:17.271839 WARN] [openstudio.measure.OSRunner] Both 'plug_loads_other' schedule file and weekend fractions provided; the latter will be ignored.
[19:43:17.271839 WARN] [openstudio.measure.OSRunner] Both 'plug_loads_other' schedule file and monthly multipliers provided; the latter will be ignored.

Building ID: 1. Upgrade Name: MSHPwoDucts. Job ID: run4
[19:43:58.043726 WARN] [openstudio.measure.OSRunner] The model contains existing objects and is being reset.
[19:43:58.043726 WARN] [openstudio.measure.OSRunner] Foundation type of 'AboveApartment' cannot have a non-zero height. Assuming height is zero.
[19:43:58.043726 WARN] [openstudio.measure.OSRunner] c:/Users/Arnav/Documents/Research/Trane Technologies/resstock-3.2.0_repo/resstock-3.2.0/minneapolis_upgrades_single_2_unit_residence/run4/run/existing.xml: No clothes washer specified, the model will not include clothes washer energy use. [context: /HPXML/Building/BuildingDetails, id: "MyBuilding"]
[19:43:58.043726 WARN] [openstudio.measure.OSRunner] c:/Users/Arnav/Documents/Research/Trane Technologies/resstock-3.2.0_repo/resstock-3.2.0/minneapolis_upgrades_single_2_unit_residence/run4/run/existing.xml: No clothes dryer specified, the model will not include clothes dryer energy use. [context: /HPXML/Building/BuildingDetails, id: "MyBuilding"]
[19:43:58.043726 WARN] [openstudio.measure.OSRunner] c:/Users/Arnav/Documents/Research/Trane Technologies/resstock-3.2.0_repo/resstock-3.2.0/minneapolis_upgrades_single_2_unit_residence/run4/run/existing.xml: No dishwasher specified, the model will not include dishwasher energy use. [context: /HPXML/Building/BuildingDetails, id: "MyBuilding"]
[19:43:58.043726 WARN] [openstudio.measure.OSRunner] c:/Users/Arnav/Documents/Research/Trane Technologies/resstock-3.2.0_repo/resstock-3.2.0/minneapolis_upgrades_single_2_unit_residence/run4/run/existing.xml: No clothes washer specified, the model will not include clothes washer energy use. [context: /HPXML/Building/BuildingDetails, id: "MyBuilding"]
[19:43:58.043726 WARN] [openstudio.measure.OSRunner] c:/Users/Arnav/Documents/Research/Trane Technologies/resstock-3.2.0_repo/resstock-3.2.0/minneapolis_upgrades_single_2_unit_residence/run4/run/existing.xml: No clothes dryer specified, the model will not include clothes dryer energy use. [context: /HPXML/Building/BuildingDetails, id: "MyBuilding"]
[19:43:58.045240 WARN] [openstudio.measure.OSRunner] c:/Users/Arnav/Documents/Research/Trane Technologies/resstock-3.2.0_repo/resstock-3.2.0/minneapolis_upgrades_single_2_unit_residence/run4/run/existing.xml: No dishwasher specified, the model will not include dishwasher energy use. [context: /HPXML/Building/BuildingDetails, id: "MyBuilding"]

Building ID: 1. Upgrade Name: GSHP. Job ID: run5
[19:44:21.232522 WARN] [openstudio.measure.OSRunner] The model contains existing objects and is being reset.
[19:44:21.232522 WARN] [openstudio.measure.OSRunner] Foundation type of 'AboveApartment' cannot have a non-zero height. Assuming height is zero.
[19:44:21.232522 WARN] [openstudio.measure.OSRunner] c:/Users/Arnav/Documents/Research/Trane Technologies/resstock-3.2.0_repo/resstock-3.2.0/minneapolis_upgrades_single_2_unit_residence/run5/run/existing.xml: No clothes washer specified, the model will not include clothes washer energy use. [context: /HPXML/Building/BuildingDetails, id: "MyBuilding"]
[19:44:21.232522 WARN] [openstudio.measure.OSRunner] c:/Users/Arnav/Documents/Research/Trane Technologies/resstock-3.2.0_repo/resstock-3.2.0/minneapolis_upgrades_single_2_unit_residence/run5/run/existing.xml: No clothes dryer specified, the model will not include clothes dryer energy use. [context: /HPXML/Building/BuildingDetails, id: "MyBuilding"]
[19:44:21.232522 WARN] [openstudio.measure.OSRunner] c:/Users/Arnav/Documents/Research/Trane Technologies/resstock-3.2.0_repo/resstock-3.2.0/minneapolis_upgrades_single_2_unit_residence/run5/run/existing.xml: No dishwasher specified, the model will not include dishwasher energy use. [context: /HPXML/Building/BuildingDetails, id: "MyBuilding"]
[19:44:21.232522 WARN] [openstudio.measure.OSRunner] c:/Users/Arnav/Documents/Research/Trane Technologies/resstock-3.2.0_repo/resstock-3.2.0/minneapolis_upgrades_single_2_unit_residence/run5/run/existing.xml: No clothes washer specified, the model will not include clothes washer energy use. [context: /HPXML/Building/BuildingDetails, id: "MyBuilding"]
[19:44:21.232522 WARN] [openstudio.measure.OSRunner] c:/Users/Arnav/Documents/Research/Trane Technologies/resstock-3.2.0_repo/resstock-3.2.0/minneapolis_upgrades_single_2_unit_residence/run5/run/existing.xml: No clothes dryer specified, the model will not include clothes dryer energy use. [context: /HPXML/Building/BuildingDetails, id: "MyBuilding"]
[19:44:21.232522 WARN] [openstudio.measure.OSRunner] c:/Users/Arnav/Documents/Research/Trane Technologies/resstock-3.2.0_repo/resstock-3.2.0/minneapolis_upgrades_single_2_unit_residence/run5/run/existing.xml: No dishwasher specified, the model will not include dishwasher energy use. [context: /HPXML/Building/BuildingDetails, id: "MyBuilding"]
[19:44:32.560139 WARN] [openstudio.measure.OSRunner] Specified incompatible corridor; setting corridor position to 'Single Exterior (Front)'.
[19:44:33.235657 WARN] [openstudio.measure.OSRunner] The model contains existing objects and is being reset.
[19:44:35.635177 WARN] [openstudio.measure.OSRunner] HVAC setpoints have been automatically adjusted to prevent periods where the heating setpoint is greater than the cooling setpoint.
[19:44:35.777620 WARN] [openstudio.measure.OSRunner] Both 'occupants' schedule file and weekday fractions provided; the latter will be ignored.
[19:44:35.777620 WARN] [openstudio.measure.OSRunner] Both 'occupants' schedule file and weekend fractions provided; the latter will be ignored.
[19:44:35.777620 WARN] [openstudio.measure.OSRunner] Both 'occupants' schedule file and monthly multipliers provided; the latter will be ignored.
[19:44:35.873155 WARN] [openstudio.measure.OSRunner] Both 'ceiling_fan' schedule file and weekday fractions provided; the latter will be ignored.
[19:44:35.873155 WARN] [openstudio.measure.OSRunner] Both 'ceiling_fan' schedule file and weekend fractions provided; the latter will be ignored.
[19:44:35.873155 WARN] [openstudio.measure.OSRunner] Both 'ceiling_fan' schedule file and monthly multipliers provided; the latter will be ignored.
[19:44:35.915513 WARN] [openstudio.measure.OSRunner] Both 'cooking_range' schedule file and weekday fractions provided; the latter will be ignored.
[19:44:35.915513 WARN] [openstudio.measure.OSRunner] Both 'cooking_range' schedule file and weekend fractions provided; the latter will be ignored.
[19:44:35.916446 WARN] [openstudio.measure.OSRunner] Both 'cooking_range' schedule file and monthly multipliers provided; the latter will be ignored.
[19:44:35.928084 WARN] [openstudio.measure.OSRunner] Both 'hot_water_fixtures' schedule file and weekday fractions provided; the latter will be ignored.
[19:44:35.928084 WARN] [openstudio.measure.OSRunner] Both 'hot_water_fixtures' schedule file and weekend fractions provided; the latter will be ignored.
[19:44:35.929086 WARN] [openstudio.measure.OSRunner] Both 'hot_water_fixtures' schedule file and monthly multipliers provided; the latter will be ignored.
[19:44:35.939291 WARN] [openstudio.measure.OSRunner] Both 'plug_loads_other' schedule file and weekday fractions provided; the latter will be ignored.
[19:44:35.939291 WARN] [openstudio.measure.OSRunner] Both 'plug_loads_other' schedule file and weekend fractions provided; the latter will be ignored.
[19:44:35.939291 WARN] [openstudio.measure.OSRunner] Both 'plug_loads_other' schedule file and monthly multipliers provided; the latter will be ignored.

