[19:49:32.919330 WARN] [openstudio.workflow.OSWorkflow] No valid weather file defined in either the osm or osw.
[19:49:40.398525 ERROR] [openstudio.measure.OSRunner] Cannot find current Workflow Step
[19:49:40.787812 WARN] [openstudio.WorkflowStepResult] WorkflowStepResult value called with undefined stepResult, returning 'Success'
[19:49:40.874349 ERROR] [openstudio.measure.OSRunner] Cannot find current Workflow Step
[19:49:40.934903 WARN] [openstudio.EpwFile] Successive data points (1999-Jan-31 to 2003-Feb-01, ending on line 753) are greater than 1 day apart in EPW file 'c:/Users/Arnav/Documents/Research/Trane Technologies/resstock-3.2.0_repo/resstock-3.2.0/resources/hpxml-measures/weather/../../../weather/G2700530.epw'. Data will be treated as typical (TMY)
[19:49:41.037565 WARN] [openstudio.EpwFile] Successive data points (1999-Jan-31 to 2003-Feb-01, ending on line 753) are greater than 1 day apart in EPW file 'c:/Users/Arnav/Documents/Research/Trane Technologies/resstock-3.2.0_repo/resstock-3.2.0/resources/hpxml-measures/weather/../../../weather/G2700530.epw'. Data will be treated as typical (TMY)
[19:49:45.597624 WARN] [openstudio.WorkflowStepResult] WorkflowStepResult value called with undefined stepResult, returning 'Success'
[19:49:45.647543 ERROR] [openstudio.measure.OSRunner] Cannot find current Workflow Step
[19:49:47.167436 WARN] [openstudio.EpwFile] Successive data points (1999-Jan-31 to 2003-Feb-01, ending on line 753) are greater than 1 day apart in EPW file 'c:/Users/Arnav/Documents/Research/Trane Technologies/resstock-3.2.0_repo/resstock-3.2.0/weather/G2700530.epw'. Data will be treated as typical (TMY)
[19:49:50.421737 WARN] [openstudio.WorkflowStepResult] WorkflowStepResult value called with undefined stepResult, returning 'Success'
[19:49:50.560828 WARN] [openstudio.EpwFile] Successive data points (1999-Jan-31 to 2003-Feb-01, ending on line 753) are greater than 1 day apart in EPW file 'c:/Users/Arnav/Documents/Research/Trane Technologies/resstock-3.2.0_repo/resstock-3.2.0/weather/G2700530.epw'. Data will be treated as typical (TMY)
[19:49:50.648209 WARN] [openstudio.measure.OSRunner] The model contains existing objects and is being reset.
[19:49:50.648209 WARN] [openstudio.measure.OSRunner] Foundation type of 'AboveApartment' cannot have a non-zero height. Assuming height is zero.
[19:49:50.648209 WARN] [openstudio.measure.OSRunner] c:/Users/Arnav/Documents/Research/Trane Technologies/resstock-3.2.0_repo/resstock-3.2.0/minneapolis_upgrades_single_3_4_unit_residence/run5/run/existing.xml: No clothes washer specified, the model will not include clothes washer energy use. [context: /HPXML/Building/BuildingDetails, id: "MyBuilding"]
[19:49:50.648209 WARN] [openstudio.measure.OSRunner] c:/Users/Arnav/Documents/Research/Trane Technologies/resstock-3.2.0_repo/resstock-3.2.0/minneapolis_upgrades_single_3_4_unit_residence/run5/run/existing.xml: No clothes dryer specified, the model will not include clothes dryer energy use. [context: /HPXML/Building/BuildingDetails, id: "MyBuilding"]
[19:49:50.648209 WARN] [openstudio.measure.OSRunner] c:/Users/Arnav/Documents/Research/Trane Technologies/resstock-3.2.0_repo/resstock-3.2.0/minneapolis_upgrades_single_3_4_unit_residence/run5/run/existing.xml: No dishwasher specified, the model will not include dishwasher energy use. [context: /HPXML/Building/BuildingDetails, id: "MyBuilding"]
[19:49:50.648209 WARN] [openstudio.measure.OSRunner] c:/Users/Arnav/Documents/Research/Trane Technologies/resstock-3.2.0_repo/resstock-3.2.0/minneapolis_upgrades_single_3_4_unit_residence/run5/run/existing.xml: No clothes washer specified, the model will not include clothes washer energy use. [context: /HPXML/Building/BuildingDetails, id: "MyBuilding"]
[19:49:50.648209 WARN] [openstudio.measure.OSRunner] c:/Users/Arnav/Documents/Research/Trane Technologies/resstock-3.2.0_repo/resstock-3.2.0/minneapolis_upgrades_single_3_4_unit_residence/run5/run/existing.xml: No clothes dryer specified, the model will not include clothes dryer energy use. [context: /HPXML/Building/BuildingDetails, id: "MyBuilding"]
[19:49:50.648209 WARN] [openstudio.measure.OSRunner] c:/Users/Arnav/Documents/Research/Trane Technologies/resstock-3.2.0_repo/resstock-3.2.0/minneapolis_upgrades_single_3_4_unit_residence/run5/run/existing.xml: No dishwasher specified, the model will not include dishwasher energy use. [context: /HPXML/Building/BuildingDetails, id: "MyBuilding"]
[19:49:55.924470 ERROR] [openstudio.measure.OSRunner] Cannot find current Workflow Step
[19:49:56.630471 WARN] [openstudio.WorkflowStepResult] WorkflowStepResult value called with undefined stepResult, returning 'Success'
[19:49:56.924121 ERROR] [openstudio.measure.OSRunner] Cannot find current Workflow Step
[19:49:57.118338 WARN] [openstudio.EpwFile] Successive data points (1999-Jan-31 to 2003-Feb-01, ending on line 753) are greater than 1 day apart in EPW file 'c:/Users/Arnav/Documents/Research/Trane Technologies/resstock-3.2.0_repo/resstock-3.2.0/resources/hpxml-measures/weather/../../../weather/G2700530.epw'. Data will be treated as typical (TMY)
[19:49:57.390423 WARN] [openstudio.EpwFile] Successive data points (1999-Jan-31 to 2003-Feb-01, ending on line 753) are greater than 1 day apart in EPW file 'c:/Users/Arnav/Documents/Research/Trane Technologies/resstock-3.2.0_repo/resstock-3.2.0/resources/hpxml-measures/weather/../../../weather/G2700530.epw'. Data will be treated as typical (TMY)
[19:50:03.341760 WARN] [openstudio.WorkflowStepResult] WorkflowStepResult value called with undefined stepResult, returning 'Success'
[19:50:03.532884 ERROR] [openstudio.measure.OSRunner] Cannot find current Workflow Step
[19:50:04.184822 WARN] [openstudio.EpwFile] Successive data points (1999-Jan-31 to 2003-Feb-01, ending on line 753) are greater than 1 day apart in EPW file 'c:/Users/Arnav/Documents/Research/Trane Technologies/resstock-3.2.0_repo/resstock-3.2.0/weather/G2700530.epw'. Data will be treated as typical (TMY)
[19:50:11.017968 WARN] [openstudio.WorkflowStepResult] WorkflowStepResult value called with undefined stepResult, returning 'Success'
[19:50:11.036125 WARN] [openstudio.measure.OSRunner] Specified incompatible corridor; setting corridor position to 'Single Exterior (Front)'.
[19:50:12.777416 WARN] [openstudio.measure.OSRunner] The model contains existing objects and is being reset.
[19:50:13.034173 WARN] [openstudio.EpwFile] Successive data points (1999-Jan-31 to 2003-Feb-01, ending on line 753) are greater than 1 day apart in EPW file 'c:/Users/Arnav/Documents/Research/Trane Technologies/resstock-3.2.0_repo/resstock-3.2.0/weather/G2700530.epw'. Data will be treated as typical (TMY)
[19:50:13.962077 WARN] [openstudio.EpwFile] Successive data points (1999-Jan-31 to 2003-Feb-01, ending on line 753) are greater than 1 day apart in EPW file 'c:/Users/Arnav/Documents/Research/Trane Technologies/resstock-3.2.0_repo/resstock-3.2.0/weather/G2700530.epw'. Data will be treated as typical (TMY)
[19:50:15.561052 WARN] [openstudio.measure.OSRunner] HVAC setpoints have been automatically adjusted to prevent periods where the heating setpoint is greater than the cooling setpoint.
[19:50:15.817800 WARN] [openstudio.measure.OSRunner] Both 'occupants' schedule file and weekday fractions provided; the latter will be ignored.
[19:50:15.818800 WARN] [openstudio.measure.OSRunner] Both 'occupants' schedule file and weekend fractions provided; the latter will be ignored.
[19:50:15.818800 WARN] [openstudio.measure.OSRunner] Both 'occupants' schedule file and monthly multipliers provided; the latter will be ignored.
[19:50:15.927058 WARN] [openstudio.measure.OSRunner] Both 'ceiling_fan' schedule file and weekday fractions provided; the latter will be ignored.
[19:50:15.927058 WARN] [openstudio.measure.OSRunner] Both 'ceiling_fan' schedule file and weekend fractions provided; the latter will be ignored.
[19:50:15.927058 WARN] [openstudio.measure.OSRunner] Both 'ceiling_fan' schedule file and monthly multipliers provided; the latter will be ignored.
[19:50:16.009730 WARN] [openstudio.measure.OSRunner] Both 'cooking_range' schedule file and weekday fractions provided; the latter will be ignored.
[19:50:16.009730 WARN] [openstudio.measure.OSRunner] Both 'cooking_range' schedule file and weekend fractions provided; the latter will be ignored.
[19:50:16.009730 WARN] [openstudio.measure.OSRunner] Both 'cooking_range' schedule file and monthly multipliers provided; the latter will be ignored.
[19:50:16.027242 WARN] [openstudio.measure.OSRunner] Both 'hot_water_fixtures' schedule file and weekday fractions provided; the latter will be ignored.
[19:50:16.027242 WARN] [openstudio.measure.OSRunner] Both 'hot_water_fixtures' schedule file and weekend fractions provided; the latter will be ignored.
[19:50:16.027242 WARN] [openstudio.measure.OSRunner] Both 'hot_water_fixtures' schedule file and monthly multipliers provided; the latter will be ignored.
[19:50:16.049416 WARN] [openstudio.measure.OSRunner] Both 'plug_loads_other' schedule file and weekday fractions provided; the latter will be ignored.
[19:50:16.049416 WARN] [openstudio.measure.OSRunner] Both 'plug_loads_other' schedule file and weekend fractions provided; the latter will be ignored.
[19:50:16.049416 WARN] [openstudio.measure.OSRunner] Both 'plug_loads_other' schedule file and monthly multipliers provided; the latter will be ignored.
[19:50:16.787653 WARN] [utilities.idf.WorkspaceObject] Object of type 'Schedule:Constant' and named 'Always Off Discrete', points to an object named OnOff 1 from field 1, but that object cannot be located.
[19:50:16.787653 WARN] [utilities.idf.WorkspaceObject] Object of type 'Schedule:Constant' and named 'Always On Continuous', points to an object named Fractional 1 from field 1, but that object cannot be located.
[19:50:33.572604 WARN] [openstudio.workflow.OSWorkflow] Unable to find sql file at c:/Users/Arnav/Documents/Research/Trane Technologies/resstock-3.2.0_repo/resstock-3.2.0/minneapolis_upgrades_single_3_4_unit_residence/run5/run/eplusout.sql
