[11:03:45.071484 WARN] [openstudio.workflow.OSWorkflow] No valid weather file defined in either the osm or osw.
[11:03:49.559921 ERROR] [openstudio.measure.OSRunner] Cannot find current Workflow Step
[11:03:49.749523 WARN] [openstudio.WorkflowStepResult] WorkflowStepResult value called with undefined stepResult, returning 'Success'
[11:03:49.816044 ERROR] [openstudio.measure.OSRunner] Cannot find current Workflow Step
[11:03:49.859450 WARN] [openstudio.EpwFile] Successive data points (1999-Jan-31 to 2002-Feb-01, ending on line 753) are greater than 1 day apart in EPW file 'C:/Users/Arnav/Documents/Research/Trane Technologies/resstock-3.2.0_repo/resstock-3.2.0/resources/hpxml-measures/weather/../../../weather/G3900490.epw'. Data will be treated as typical (TMY)
[11:03:49.909606 WARN] [openstudio.EpwFile] Successive data points (1999-Jan-31 to 2002-Feb-01, ending on line 753) are greater than 1 day apart in EPW file 'C:/Users/Arnav/Documents/Research/Trane Technologies/resstock-3.2.0_repo/resstock-3.2.0/resources/hpxml-measures/weather/../../../weather/G3900490.epw'. Data will be treated as typical (TMY)
[11:03:51.472095 WARN] [openstudio.WorkflowStepResult] WorkflowStepResult value called with undefined stepResult, returning 'Success'
[11:03:51.486857 ERROR] [openstudio.measure.OSRunner] Cannot find current Workflow Step
[11:03:51.899384 WARN] [openstudio.EpwFile] Successive data points (1999-Jan-31 to 2002-Feb-01, ending on line 753) are greater than 1 day apart in EPW file 'C:/Users/Arnav/Documents/Research/Trane Technologies/resstock-3.2.0_repo/resstock-3.2.0/weather/G3900490.epw'. Data will be treated as typical (TMY)
[11:03:53.859350 WARN] [openstudio.WorkflowStepResult] WorkflowStepResult value called with undefined stepResult, returning 'Success'
[11:03:53.920486 WARN] [openstudio.EpwFile] Successive data points (1999-Jan-31 to 2002-Feb-01, ending on line 753) are greater than 1 day apart in EPW file 'C:/Users/Arnav/Documents/Research/Trane Technologies/resstock-3.2.0_repo/resstock-3.2.0/weather/G3900490.epw'. Data will be treated as typical (TMY)
[11:03:53.959257 WARN] [openstudio.measure.OSRunner] The model contains existing objects and is being reset.
[11:03:53.959257 WARN] [openstudio.measure.OSRunner] Foundation type of 'AboveApartment' cannot have a non-zero height. Assuming height is zero.
[11:03:56.338718 ERROR] [openstudio.measure.OSRunner] Cannot find current Workflow Step
[11:03:56.609718 WARN] [openstudio.WorkflowStepResult] WorkflowStepResult value called with undefined stepResult, returning 'Success'
[11:03:56.688344 ERROR] [openstudio.measure.OSRunner] Cannot find current Workflow Step
[11:03:56.728969 WARN] [openstudio.EpwFile] Successive data points (1999-Jan-31 to 2002-Feb-01, ending on line 753) are greater than 1 day apart in EPW file 'C:/Users/Arnav/Documents/Research/Trane Technologies/resstock-3.2.0_repo/resstock-3.2.0/resources/hpxml-measures/weather/../../../weather/G3900490.epw'. Data will be treated as typical (TMY)
[11:03:56.786736 WARN] [openstudio.EpwFile] Successive data points (1999-Jan-31 to 2002-Feb-01, ending on line 753) are greater than 1 day apart in EPW file 'C:/Users/Arnav/Documents/Research/Trane Technologies/resstock-3.2.0_repo/resstock-3.2.0/resources/hpxml-measures/weather/../../../weather/G3900490.epw'. Data will be treated as typical (TMY)
[11:03:57.919152 WARN] [openstudio.WorkflowStepResult] WorkflowStepResult value called with undefined stepResult, returning 'Success'
[11:03:57.930788 ERROR] [openstudio.measure.OSRunner] Cannot find current Workflow Step
[11:03:58.009138 WARN] [openstudio.EpwFile] Successive data points (1999-Jan-31 to 2002-Feb-01, ending on line 753) are greater than 1 day apart in EPW file 'C:/Users/Arnav/Documents/Research/Trane Technologies/resstock-3.2.0_repo/resstock-3.2.0/weather/G3900490.epw'. Data will be treated as typical (TMY)
[11:03:59.840992 WARN] [openstudio.WorkflowStepResult] WorkflowStepResult value called with undefined stepResult, returning 'Success'
[11:03:59.852173 WARN] [openstudio.measure.OSRunner] Specified incompatible corridor; setting corridor position to 'Single Exterior (Front)'.
[11:04:00.184342 WARN] [openstudio.measure.OSRunner] The model contains existing objects and is being reset.
[11:04:00.239240 WARN] [openstudio.EpwFile] Successive data points (1999-Jan-31 to 2002-Feb-01, ending on line 753) are greater than 1 day apart in EPW file 'C:/Users/Arnav/Documents/Research/Trane Technologies/resstock-3.2.0_repo/resstock-3.2.0/weather/G3900490.epw'. Data will be treated as typical (TMY)
[11:04:00.425595 WARN] [openstudio.EpwFile] Successive data points (1999-Jan-31 to 2002-Feb-01, ending on line 753) are greater than 1 day apart in EPW file 'C:/Users/Arnav/Documents/Research/Trane Technologies/resstock-3.2.0_repo/resstock-3.2.0/weather/G3900490.epw'. Data will be treated as typical (TMY)
[11:04:01.139167 WARN] [openstudio.measure.OSRunner] Both 'occupants' schedule file and weekday fractions provided; the latter will be ignored.
[11:04:01.139167 WARN] [openstudio.measure.OSRunner] Both 'occupants' schedule file and weekend fractions provided; the latter will be ignored.
[11:04:01.139167 WARN] [openstudio.measure.OSRunner] Both 'occupants' schedule file and monthly multipliers provided; the latter will be ignored.
[11:04:01.160464 WARN] [openstudio.measure.OSRunner] Both 'ceiling_fan' schedule file and weekday fractions provided; the latter will be ignored.
[11:04:01.160464 WARN] [openstudio.measure.OSRunner] Both 'ceiling_fan' schedule file and weekend fractions provided; the latter will be ignored.
[11:04:01.160464 WARN] [openstudio.measure.OSRunner] Both 'ceiling_fan' schedule file and monthly multipliers provided; the latter will be ignored.
[11:04:01.169622 WARN] [openstudio.measure.OSRunner] Both 'clothes_washer' schedule file and weekday fractions provided; the latter will be ignored.
[11:04:01.169622 WARN] [openstudio.measure.OSRunner] Both 'clothes_washer' schedule file and weekend fractions provided; the latter will be ignored.
[11:04:01.169622 WARN] [openstudio.measure.OSRunner] Both 'clothes_washer' schedule file and monthly multipliers provided; the latter will be ignored.
[11:04:01.179589 WARN] [openstudio.measure.OSRunner] Both 'clothes_dryer' schedule file and weekday fractions provided; the latter will be ignored.
[11:04:01.179589 WARN] [openstudio.measure.OSRunner] Both 'clothes_dryer' schedule file and weekend fractions provided; the latter will be ignored.
[11:04:01.179589 WARN] [openstudio.measure.OSRunner] Both 'clothes_dryer' schedule file and monthly multipliers provided; the latter will be ignored.
[11:04:01.179589 WARN] [openstudio.measure.OSRunner] Both 'dishwasher' schedule file and weekday fractions provided; the latter will be ignored.
[11:04:01.179589 WARN] [openstudio.measure.OSRunner] Both 'dishwasher' schedule file and weekend fractions provided; the latter will be ignored.
[11:04:01.179589 WARN] [openstudio.measure.OSRunner] Both 'dishwasher' schedule file and monthly multipliers provided; the latter will be ignored.
[11:04:01.191058 WARN] [openstudio.measure.OSRunner] Both 'cooking_range' schedule file and weekday fractions provided; the latter will be ignored.
[11:04:01.191058 WARN] [openstudio.measure.OSRunner] Both 'cooking_range' schedule file and weekend fractions provided; the latter will be ignored.
[11:04:01.191058 WARN] [openstudio.measure.OSRunner] Both 'cooking_range' schedule file and monthly multipliers provided; the latter will be ignored.
[11:04:01.191058 WARN] [openstudio.measure.OSRunner] Both 'hot_water_fixtures' schedule file and weekday fractions provided; the latter will be ignored.
[11:04:01.191058 WARN] [openstudio.measure.OSRunner] Both 'hot_water_fixtures' schedule file and weekend fractions provided; the latter will be ignored.
[11:04:01.191058 WARN] [openstudio.measure.OSRunner] Both 'hot_water_fixtures' schedule file and monthly multipliers provided; the latter will be ignored.
[11:04:01.203725 WARN] [openstudio.measure.OSRunner] Both 'plug_loads_other' schedule file and weekday fractions provided; the latter will be ignored.
[11:04:01.203725 WARN] [openstudio.measure.OSRunner] Both 'plug_loads_other' schedule file and weekend fractions provided; the latter will be ignored.
[11:04:01.203725 WARN] [openstudio.measure.OSRunner] Both 'plug_loads_other' schedule file and monthly multipliers provided; the latter will be ignored.
[11:04:01.404779 WARN] [utilities.idf.WorkspaceObject] Object of type 'Schedule:Constant' and named 'Always Off Discrete', points to an object named OnOff 1 from field 1, but that object cannot be located.
[11:04:01.404779 WARN] [utilities.idf.WorkspaceObject] Object of type 'Schedule:Constant' and named 'Always On Continuous', points to an object named Fractional 1 from field 1, but that object cannot be located.
[11:04:04.975571 WARN] [openstudio.workflow.OSWorkflow] Unable to find sql file at C:/Users/Arnav/Documents/Research/Trane Technologies/resstock-3.2.0_repo/resstock-3.2.0/columbus_upgrades_single_2_unit_residence/run2/run/eplusout.sql
