[20:23:34.352393 WARN] [openstudio.workflow.OSWorkflow] No valid weather file defined in either the osm or osw.
[20:23:47.711192 ERROR] [openstudio.measure.OSRunner] Cannot find current Workflow Step
[20:23:48.213109 WARN] [openstudio.WorkflowStepResult] WorkflowStepResult value called with undefined stepResult, returning 'Success'
[20:23:48.375873 ERROR] [openstudio.measure.OSRunner] Cannot find current Workflow Step
[20:23:48.473189 WARN] [openstudio.EpwFile] Successive data points (1999-Jan-31 to 2003-Feb-01, ending on line 753) are greater than 1 day apart in EPW file 'c:/Users/Arnav/Documents/Research/Trane Technologies/resstock-3.2.0_repo/resstock-3.2.0/resources/hpxml-measures/weather/../../../weather/G2700530.epw'. Data will be treated as typical (TMY)
[20:23:48.636728 WARN] [openstudio.EpwFile] Successive data points (1999-Jan-31 to 2003-Feb-01, ending on line 753) are greater than 1 day apart in EPW file 'c:/Users/Arnav/Documents/Research/Trane Technologies/resstock-3.2.0_repo/resstock-3.2.0/resources/hpxml-measures/weather/../../../weather/G2700530.epw'. Data will be treated as typical (TMY)
[20:23:55.092462 WARN] [openstudio.WorkflowStepResult] WorkflowStepResult value called with undefined stepResult, returning 'Success'
[20:23:55.130428 ERROR] [openstudio.measure.OSRunner] Cannot find current Workflow Step
[20:23:57.187575 WARN] [openstudio.EpwFile] Successive data points (1999-Jan-31 to 2003-Feb-01, ending on line 753) are greater than 1 day apart in EPW file 'c:/Users/Arnav/Documents/Research/Trane Technologies/resstock-3.2.0_repo/resstock-3.2.0/weather/G2700530.epw'. Data will be treated as typical (TMY)
[20:24:04.580290 WARN] [openstudio.WorkflowStepResult] WorkflowStepResult value called with undefined stepResult, returning 'Success'
[20:24:04.800953 WARN] [openstudio.EpwFile] Successive data points (1999-Jan-31 to 2003-Feb-01, ending on line 753) are greater than 1 day apart in EPW file 'c:/Users/Arnav/Documents/Research/Trane Technologies/resstock-3.2.0_repo/resstock-3.2.0/weather/G2700530.epw'. Data will be treated as typical (TMY)
[20:24:04.910409 WARN] [openstudio.measure.OSRunner] The model contains existing objects and is being reset.
[20:24:11.433659 ERROR] [openstudio.measure.OSRunner] Cannot find current Workflow Step
[20:24:12.026605 WARN] [openstudio.WorkflowStepResult] WorkflowStepResult value called with undefined stepResult, returning 'Success'
[20:24:12.237318 ERROR] [openstudio.measure.OSRunner] Cannot find current Workflow Step
[20:24:12.339267 WARN] [openstudio.EpwFile] Successive data points (1999-Jan-31 to 2003-Feb-01, ending on line 753) are greater than 1 day apart in EPW file 'c:/Users/Arnav/Documents/Research/Trane Technologies/resstock-3.2.0_repo/resstock-3.2.0/resources/hpxml-measures/weather/../../../weather/G2700530.epw'. Data will be treated as typical (TMY)
[20:24:12.464515 WARN] [openstudio.EpwFile] Successive data points (1999-Jan-31 to 2003-Feb-01, ending on line 753) are greater than 1 day apart in EPW file 'c:/Users/Arnav/Documents/Research/Trane Technologies/resstock-3.2.0_repo/resstock-3.2.0/resources/hpxml-measures/weather/../../../weather/G2700530.epw'. Data will be treated as typical (TMY)
[20:24:18.012074 WARN] [openstudio.WorkflowStepResult] WorkflowStepResult value called with undefined stepResult, returning 'Success'
[20:24:18.087190 ERROR] [openstudio.measure.OSRunner] Cannot find current Workflow Step
[20:24:18.546748 WARN] [openstudio.EpwFile] Successive data points (1999-Jan-31 to 2003-Feb-01, ending on line 753) are greater than 1 day apart in EPW file 'c:/Users/Arnav/Documents/Research/Trane Technologies/resstock-3.2.0_repo/resstock-3.2.0/weather/G2700530.epw'. Data will be treated as typical (TMY)
[20:24:26.773664 WARN] [openstudio.WorkflowStepResult] WorkflowStepResult value called with undefined stepResult, returning 'Success'
[20:24:27.590708 WARN] [openstudio.measure.OSRunner] The model contains existing objects and is being reset.
[20:24:27.786537 WARN] [openstudio.EpwFile] Successive data points (1999-Jan-31 to 2003-Feb-01, ending on line 753) are greater than 1 day apart in EPW file 'c:/Users/Arnav/Documents/Research/Trane Technologies/resstock-3.2.0_repo/resstock-3.2.0/weather/G2700530.epw'. Data will be treated as typical (TMY)
[20:24:28.319666 WARN] [openstudio.EpwFile] Successive data points (1999-Jan-31 to 2003-Feb-01, ending on line 753) are greater than 1 day apart in EPW file 'c:/Users/Arnav/Documents/Research/Trane Technologies/resstock-3.2.0_repo/resstock-3.2.0/weather/G2700530.epw'. Data will be treated as typical (TMY)
[20:24:30.707508 WARN] [openstudio.measure.OSRunner] Both 'occupants' schedule file and weekday fractions provided; the latter will be ignored.
[20:24:30.707508 WARN] [openstudio.measure.OSRunner] Both 'occupants' schedule file and weekend fractions provided; the latter will be ignored.
[20:24:30.707508 WARN] [openstudio.measure.OSRunner] Both 'occupants' schedule file and monthly multipliers provided; the latter will be ignored.
[20:24:30.826269 WARN] [openstudio.measure.OSRunner] Both 'ceiling_fan' schedule file and weekday fractions provided; the latter will be ignored.
[20:24:30.826269 WARN] [openstudio.measure.OSRunner] Both 'ceiling_fan' schedule file and weekend fractions provided; the latter will be ignored.
[20:24:30.826269 WARN] [openstudio.measure.OSRunner] Both 'ceiling_fan' schedule file and monthly multipliers provided; the latter will be ignored.
[20:24:30.892715 WARN] [openstudio.measure.OSRunner] Both 'clothes_washer' schedule file and weekday fractions provided; the latter will be ignored.
[20:24:30.892715 WARN] [openstudio.measure.OSRunner] Both 'clothes_washer' schedule file and weekend fractions provided; the latter will be ignored.
[20:24:30.893925 WARN] [openstudio.measure.OSRunner] Both 'clothes_washer' schedule file and monthly multipliers provided; the latter will be ignored.
[20:24:30.902910 WARN] [openstudio.measure.OSRunner] Both 'clothes_dryer' schedule file and weekday fractions provided; the latter will be ignored.
[20:24:30.902910 WARN] [openstudio.measure.OSRunner] Both 'clothes_dryer' schedule file and weekend fractions provided; the latter will be ignored.
[20:24:30.902910 WARN] [openstudio.measure.OSRunner] Both 'clothes_dryer' schedule file and monthly multipliers provided; the latter will be ignored.
[20:24:30.915233 WARN] [openstudio.measure.OSRunner] Both 'dishwasher' schedule file and weekday fractions provided; the latter will be ignored.
[20:24:30.915233 WARN] [openstudio.measure.OSRunner] Both 'dishwasher' schedule file and weekend fractions provided; the latter will be ignored.
[20:24:30.915233 WARN] [openstudio.measure.OSRunner] Both 'dishwasher' schedule file and monthly multipliers provided; the latter will be ignored.
[20:24:31.013157 WARN] [openstudio.measure.OSRunner] Both 'cooking_range' schedule file and weekday fractions provided; the latter will be ignored.
[20:24:31.013157 WARN] [openstudio.measure.OSRunner] Both 'cooking_range' schedule file and weekend fractions provided; the latter will be ignored.
[20:24:31.014291 WARN] [openstudio.measure.OSRunner] Both 'cooking_range' schedule file and monthly multipliers provided; the latter will be ignored.
[20:24:31.029196 WARN] [openstudio.measure.OSRunner] Both 'hot_water_fixtures' schedule file and weekday fractions provided; the latter will be ignored.
[20:24:31.029196 WARN] [openstudio.measure.OSRunner] Both 'hot_water_fixtures' schedule file and weekend fractions provided; the latter will be ignored.
[20:24:31.029196 WARN] [openstudio.measure.OSRunner] Both 'hot_water_fixtures' schedule file and monthly multipliers provided; the latter will be ignored.
[20:24:31.078676 WARN] [openstudio.measure.OSRunner] Both 'plug_loads_other' schedule file and weekday fractions provided; the latter will be ignored.
[20:24:31.078676 WARN] [openstudio.measure.OSRunner] Both 'plug_loads_other' schedule file and weekend fractions provided; the latter will be ignored.
[20:24:31.078676 WARN] [openstudio.measure.OSRunner] Both 'plug_loads_other' schedule file and monthly multipliers provided; the latter will be ignored.
[20:24:31.101102 WARN] [openstudio.measure.OSRunner] Both 'lighting_garage' schedule file and weekday fractions provided; the latter will be ignored.
[20:24:31.101102 WARN] [openstudio.measure.OSRunner] Both 'lighting_garage' schedule file and weekend fractions provided; the latter will be ignored.
[20:24:31.102201 WARN] [openstudio.measure.OSRunner] Both 'lighting_garage' schedule file and monthly multipliers provided; the latter will be ignored.
[20:24:31.796295 WARN] [utilities.idf.WorkspaceObject] Object of type 'Schedule:Constant' and named 'Always Off Discrete', points to an object named OnOff 1 from field 1, but that object cannot be located.
[20:24:50.406839 WARN] [openstudio.workflow.OSWorkflow] Unable to find sql file at c:/Users/Arnav/Documents/Research/Trane Technologies/resstock-3.2.0_repo/resstock-3.2.0/minneapolis_upgrades_single_SFD_unit_residence/run5/run/eplusout.sql
