[20:01:18.410633 WARN] [openstudio.workflow.OSWorkflow] No valid weather file defined in either the osm or osw.
[20:01:31.599951 ERROR] [openstudio.measure.OSRunner] Cannot find current Workflow Step
[20:01:32.073845 WARN] [openstudio.WorkflowStepResult] WorkflowStepResult value called with undefined stepResult, returning 'Success'
[20:01:32.190122 ERROR] [openstudio.measure.OSRunner] Cannot find current Workflow Step
[20:01:32.265078 WARN] [openstudio.EpwFile] Successive data points (1999-Jan-31 to 2003-Feb-01, ending on line 753) are greater than 1 day apart in EPW file 'c:/Users/Arnav/Documents/Research/Trane Technologies/resstock-3.2.0_repo/resstock-3.2.0/resources/hpxml-measures/weather/../../../weather/G2700530.epw'. Data will be treated as typical (TMY)
[20:01:32.403995 WARN] [openstudio.EpwFile] Successive data points (1999-Jan-31 to 2003-Feb-01, ending on line 753) are greater than 1 day apart in EPW file 'c:/Users/Arnav/Documents/Research/Trane Technologies/resstock-3.2.0_repo/resstock-3.2.0/resources/hpxml-measures/weather/../../../weather/G2700530.epw'. Data will be treated as typical (TMY)
[20:01:36.958255 WARN] [openstudio.WorkflowStepResult] WorkflowStepResult value called with undefined stepResult, returning 'Success'
[20:01:36.992454 ERROR] [openstudio.measure.OSRunner] Cannot find current Workflow Step
[20:01:38.270566 WARN] [openstudio.EpwFile] Successive data points (1999-Jan-31 to 2003-Feb-01, ending on line 753) are greater than 1 day apart in EPW file 'c:/Users/Arnav/Documents/Research/Trane Technologies/resstock-3.2.0_repo/resstock-3.2.0/weather/G2700530.epw'. Data will be treated as typical (TMY)
[20:01:41.342367 WARN] [openstudio.WorkflowStepResult] WorkflowStepResult value called with undefined stepResult, returning 'Success'
[20:01:41.617821 WARN] [openstudio.EpwFile] Successive data points (1999-Jan-31 to 2003-Feb-01, ending on line 753) are greater than 1 day apart in EPW file 'c:/Users/Arnav/Documents/Research/Trane Technologies/resstock-3.2.0_repo/resstock-3.2.0/weather/G2700530.epw'. Data will be treated as typical (TMY)
[20:01:41.813746 WARN] [openstudio.measure.OSRunner] The model contains existing objects and is being reset.
[20:01:43.037711 WARN] [openstudio.measure.OSRunner] The model contains existing objects and is being reset.
[20:01:43.220537 WARN] [openstudio.EpwFile] Successive data points (1999-Jan-31 to 2003-Feb-01, ending on line 753) are greater than 1 day apart in EPW file 'c:/Users/Arnav/Documents/Research/Trane Technologies/resstock-3.2.0_repo/resstock-3.2.0/weather/G2700530.epw'. Data will be treated as typical (TMY)
[20:01:43.818373 WARN] [openstudio.EpwFile] Successive data points (1999-Jan-31 to 2003-Feb-01, ending on line 753) are greater than 1 day apart in EPW file 'c:/Users/Arnav/Documents/Research/Trane Technologies/resstock-3.2.0_repo/resstock-3.2.0/weather/G2700530.epw'. Data will be treated as typical (TMY)
[20:01:45.671949 WARN] [openstudio.measure.OSRunner] Both 'occupants' schedule file and weekday fractions provided; the latter will be ignored.
[20:01:45.671949 WARN] [openstudio.measure.OSRunner] Both 'occupants' schedule file and weekend fractions provided; the latter will be ignored.
[20:01:45.672952 WARN] [openstudio.measure.OSRunner] Both 'occupants' schedule file and monthly multipliers provided; the latter will be ignored.
[20:01:45.715564 WARN] [openstudio.measure.OSRunner] Both 'ceiling_fan' schedule file and weekday fractions provided; the latter will be ignored.
[20:01:45.715564 WARN] [openstudio.measure.OSRunner] Both 'ceiling_fan' schedule file and weekend fractions provided; the latter will be ignored.
[20:01:45.715564 WARN] [openstudio.measure.OSRunner] Both 'ceiling_fan' schedule file and monthly multipliers provided; the latter will be ignored.
[20:01:45.755550 WARN] [openstudio.measure.OSRunner] Both 'clothes_washer' schedule file and weekday fractions provided; the latter will be ignored.
[20:01:45.755550 WARN] [openstudio.measure.OSRunner] Both 'clothes_washer' schedule file and weekend fractions provided; the latter will be ignored.
[20:01:45.755550 WARN] [openstudio.measure.OSRunner] Both 'clothes_washer' schedule file and monthly multipliers provided; the latter will be ignored.
[20:01:45.762669 WARN] [openstudio.measure.OSRunner] Both 'clothes_dryer' schedule file and weekday fractions provided; the latter will be ignored.
[20:01:45.762669 WARN] [openstudio.measure.OSRunner] Both 'clothes_dryer' schedule file and weekend fractions provided; the latter will be ignored.
[20:01:45.762669 WARN] [openstudio.measure.OSRunner] Both 'clothes_dryer' schedule file and monthly multipliers provided; the latter will be ignored.
[20:01:45.769578 WARN] [openstudio.measure.OSRunner] Both 'dishwasher' schedule file and weekday fractions provided; the latter will be ignored.
[20:01:45.770594 WARN] [openstudio.measure.OSRunner] Both 'dishwasher' schedule file and weekend fractions provided; the latter will be ignored.
[20:01:45.770594 WARN] [openstudio.measure.OSRunner] Both 'dishwasher' schedule file and monthly multipliers provided; the latter will be ignored.
[20:01:45.807152 WARN] [openstudio.measure.OSRunner] Both 'cooking_range' schedule file and weekday fractions provided; the latter will be ignored.
[20:01:45.807217 WARN] [openstudio.measure.OSRunner] Both 'cooking_range' schedule file and weekend fractions provided; the latter will be ignored.
[20:01:45.807217 WARN] [openstudio.measure.OSRunner] Both 'cooking_range' schedule file and monthly multipliers provided; the latter will be ignored.
[20:01:45.819466 WARN] [openstudio.measure.OSRunner] Both 'hot_water_fixtures' schedule file and weekday fractions provided; the latter will be ignored.
[20:01:45.819466 WARN] [openstudio.measure.OSRunner] Both 'hot_water_fixtures' schedule file and weekend fractions provided; the latter will be ignored.
[20:01:45.819466 WARN] [openstudio.measure.OSRunner] Both 'hot_water_fixtures' schedule file and monthly multipliers provided; the latter will be ignored.
[20:01:45.843402 WARN] [openstudio.measure.OSRunner] Both 'plug_loads_other' schedule file and weekday fractions provided; the latter will be ignored.
[20:01:45.843402 WARN] [openstudio.measure.OSRunner] Both 'plug_loads_other' schedule file and weekend fractions provided; the latter will be ignored.
[20:01:45.843402 WARN] [openstudio.measure.OSRunner] Both 'plug_loads_other' schedule file and monthly multipliers provided; the latter will be ignored.
[20:01:46.329204 WARN] [utilities.idf.WorkspaceObject] Object of type 'Schedule:Constant' and named 'Always Off Discrete', points to an object named OnOff 1 from field 1, but that object cannot be located.
[20:01:46.329204 WARN] [utilities.idf.WorkspaceObject] Object of type 'Schedule:Constant' and named 'Always On Continuous', points to an object named Fractional 1 from field 1, but that object cannot be located.
[20:01:55.450284 WARN] [openstudio.workflow.OSWorkflow] Unable to find sql file at c:/Users/Arnav/Documents/Research/Trane Technologies/resstock-3.2.0_repo/resstock-3.2.0/minneapolis_upgrades_single_20_49_unit_residence/run1/run/eplusout.sql
