[11:16:57.660750 WARN] [openstudio.workflow.OSWorkflow] No valid weather file defined in either the osm or osw.
[11:17:03.417193 ERROR] [openstudio.measure.OSRunner] Cannot find current Workflow Step
[11:17:03.686570 WARN] [openstudio.WorkflowStepResult] WorkflowStepResult value called with undefined stepResult, returning 'Success'
[11:17:03.751401 ERROR] [openstudio.measure.OSRunner] Cannot find current Workflow Step
[11:17:03.796746 WARN] [openstudio.EpwFile] Successive data points (1999-Jan-31 to 2002-Feb-01, ending on line 753) are greater than 1 day apart in EPW file 'C:/Users/Arnav/Documents/Research/Trane Technologies/resstock-3.2.0_repo/resstock-3.2.0/resources/hpxml-measures/weather/../../../weather/G3900490.epw'. Data will be treated as typical (TMY)
[11:17:03.866532 WARN] [openstudio.EpwFile] Successive data points (1999-Jan-31 to 2002-Feb-01, ending on line 753) are greater than 1 day apart in EPW file 'C:/Users/Arnav/Documents/Research/Trane Technologies/resstock-3.2.0_repo/resstock-3.2.0/resources/hpxml-measures/weather/../../../weather/G3900490.epw'. Data will be treated as typical (TMY)
[11:17:06.587348 WARN] [openstudio.WorkflowStepResult] WorkflowStepResult value called with undefined stepResult, returning 'Success'
[11:17:06.601133 ERROR] [openstudio.measure.OSRunner] Cannot find current Workflow Step
[11:17:07.232773 WARN] [openstudio.EpwFile] Successive data points (1999-Jan-31 to 2002-Feb-01, ending on line 753) are greater than 1 day apart in EPW file 'C:/Users/Arnav/Documents/Research/Trane Technologies/resstock-3.2.0_repo/resstock-3.2.0/weather/G3900490.epw'. Data will be treated as typical (TMY)
[11:17:10.009254 WARN] [openstudio.WorkflowStepResult] WorkflowStepResult value called with undefined stepResult, returning 'Success'
[11:17:10.132505 WARN] [openstudio.EpwFile] Successive data points (1999-Jan-31 to 2002-Feb-01, ending on line 753) are greater than 1 day apart in EPW file 'C:/Users/Arnav/Documents/Research/Trane Technologies/resstock-3.2.0_repo/resstock-3.2.0/weather/G3900490.epw'. Data will be treated as typical (TMY)
[11:17:10.179461 WARN] [openstudio.measure.OSRunner] The model contains existing objects and is being reset.
[11:17:10.870410 WARN] [openstudio.workflow.OSWorkflow] EPW file not found
[11:17:10.872497 ERROR] [openstudio.energyplus.ForwardTranslator] No construction for either surface 'Surface 2', and 'Surface 12'
[11:17:10.873498 ERROR] [openstudio.energyplus.ForwardTranslator] No construction for either surface 'Surface 14', and 'Surface 36'
[11:17:10.873498 ERROR] [openstudio.energyplus.ForwardTranslator] No construction for either surface 'Surface 3', and 'Surface 11'
[11:17:10.873498 ERROR] [openstudio.energyplus.ForwardTranslator] No construction for either surface 'Surface 7', and 'Surface 43'
[11:17:10.873498 ERROR] [openstudio.energyplus.ForwardTranslator] No construction for either surface 'Surface 6', and 'Surface 15'
[11:17:10.873498 ERROR] [openstudio.energyplus.ForwardTranslator] No construction for either surface 'Surface 22', and 'Surface 23'
[11:17:10.873498 ERROR] [openstudio.energyplus.ForwardTranslator] No construction for either surface 'Surface 44', and 'Surface 44 Reversed'
[11:17:10.912919 ERROR] [openstudio.model.YearDescription] 'UseWeatherFile' is selected in YearDescription, but there are no weather file set for the model.
[11:17:10.912919 ERROR] [openstudio.model.YearDescription] 'UseWeatherFile' is selected in YearDescription, but there are no weather file set for the model.
[11:17:10.921878 WARN] [utilities.idf.WorkspaceObject] Object of type 'Schedule:Constant' and named 'Always On Discrete', points to an object named OnOff from field 1, but that object cannot be located.
[11:17:10.921878 WARN] [utilities.idf.WorkspaceObject] Object of type 'Schedule:Constant' and named 'Always Off Discrete', points to an object named OnOff 1 from field 1, but that object cannot be located.
[11:17:10.921878 WARN] [utilities.idf.WorkspaceObject] Object of type 'Schedule:Constant' and named 'Always On Continuous', points to an object named Fractional from field 1, but that object cannot be located.
