[11:15:08.241179 WARN] [openstudio.workflow.OSWorkflow] No valid weather file defined in either the osm or osw.
[11:15:14.350425 ERROR] [openstudio.measure.OSRunner] Cannot find current Workflow Step
[11:15:14.606893 WARN] [openstudio.WorkflowStepResult] WorkflowStepResult value called with undefined stepResult, returning 'Success'
[11:15:14.676975 ERROR] [openstudio.measure.OSRunner] Cannot find current Workflow Step
[11:15:14.727089 WARN] [openstudio.EpwFile] Successive data points (1999-Jan-31 to 2002-Feb-01, ending on line 753) are greater than 1 day apart in EPW file 'C:/Users/Arnav/Documents/Research/Trane Technologies/resstock-3.2.0_repo/resstock-3.2.0/resources/hpxml-measures/weather/../../../weather/G3900490.epw'. Data will be treated as typical (TMY)
[11:15:14.857271 WARN] [openstudio.EpwFile] Successive data points (1999-Jan-31 to 2002-Feb-01, ending on line 753) are greater than 1 day apart in EPW file 'C:/Users/Arnav/Documents/Research/Trane Technologies/resstock-3.2.0_repo/resstock-3.2.0/resources/hpxml-measures/weather/../../../weather/G3900490.epw'. Data will be treated as typical (TMY)
[11:15:17.651780 WARN] [openstudio.WorkflowStepResult] WorkflowStepResult value called with undefined stepResult, returning 'Success'
[11:15:17.661853 ERROR] [openstudio.measure.OSRunner] Cannot find current Workflow Step
[11:15:18.211959 WARN] [openstudio.EpwFile] Successive data points (1999-Jan-31 to 2002-Feb-01, ending on line 753) are greater than 1 day apart in EPW file 'C:/Users/Arnav/Documents/Research/Trane Technologies/resstock-3.2.0_repo/resstock-3.2.0/weather/G3900490.epw'. Data will be treated as typical (TMY)
[11:15:20.116991 WARN] [openstudio.WorkflowStepResult] WorkflowStepResult value called with undefined stepResult, returning 'Success'
[11:15:20.242065 WARN] [openstudio.EpwFile] Successive data points (1999-Jan-31 to 2002-Feb-01, ending on line 753) are greater than 1 day apart in EPW file 'C:/Users/Arnav/Documents/Research/Trane Technologies/resstock-3.2.0_repo/resstock-3.2.0/weather/G3900490.epw'. Data will be treated as typical (TMY)
[11:15:20.308373 WARN] [openstudio.measure.OSRunner] The model contains existing objects and is being reset.
[11:15:20.815137 WARN] [openstudio.measure.OSRunner] The model contains existing objects and is being reset.
[11:15:20.966883 WARN] [openstudio.EpwFile] Successive data points (1999-Jan-31 to 2002-Feb-01, ending on line 753) are greater than 1 day apart in EPW file 'C:/Users/Arnav/Documents/Research/Trane Technologies/resstock-3.2.0_repo/resstock-3.2.0/weather/G3900490.epw'. Data will be treated as typical (TMY)
[11:15:21.230175 WARN] [openstudio.EpwFile] Successive data points (1999-Jan-31 to 2002-Feb-01, ending on line 753) are greater than 1 day apart in EPW file 'C:/Users/Arnav/Documents/Research/Trane Technologies/resstock-3.2.0_repo/resstock-3.2.0/weather/G3900490.epw'. Data will be treated as typical (TMY)
[11:15:22.276896 WARN] [openstudio.measure.OSRunner] Both 'occupants' schedule file and weekday fractions provided; the latter will be ignored.
[11:15:22.276896 WARN] [openstudio.measure.OSRunner] Both 'occupants' schedule file and weekend fractions provided; the latter will be ignored.
[11:15:22.276896 WARN] [openstudio.measure.OSRunner] Both 'occupants' schedule file and monthly multipliers provided; the latter will be ignored.
[11:15:22.297116 WARN] [openstudio.measure.OSRunner] Both 'ceiling_fan' schedule file and weekday fractions provided; the latter will be ignored.
[11:15:22.297116 WARN] [openstudio.measure.OSRunner] Both 'ceiling_fan' schedule file and weekend fractions provided; the latter will be ignored.
[11:15:22.297116 WARN] [openstudio.measure.OSRunner] Both 'ceiling_fan' schedule file and monthly multipliers provided; the latter will be ignored.
[11:15:22.312309 WARN] [openstudio.measure.OSRunner] Both 'clothes_washer' schedule file and weekday fractions provided; the latter will be ignored.
[11:15:22.312309 WARN] [openstudio.measure.OSRunner] Both 'clothes_washer' schedule file and weekend fractions provided; the latter will be ignored.
[11:15:22.312309 WARN] [openstudio.measure.OSRunner] Both 'clothes_washer' schedule file and monthly multipliers provided; the latter will be ignored.
[11:15:22.316896 WARN] [openstudio.measure.OSRunner] Both 'clothes_dryer' schedule file and weekday fractions provided; the latter will be ignored.
[11:15:22.316896 WARN] [openstudio.measure.OSRunner] Both 'clothes_dryer' schedule file and weekend fractions provided; the latter will be ignored.
[11:15:22.316896 WARN] [openstudio.measure.OSRunner] Both 'clothes_dryer' schedule file and monthly multipliers provided; the latter will be ignored.
[11:15:22.316896 WARN] [openstudio.measure.OSRunner] Both 'dishwasher' schedule file and weekday fractions provided; the latter will be ignored.
[11:15:22.316896 WARN] [openstudio.measure.OSRunner] Both 'dishwasher' schedule file and weekend fractions provided; the latter will be ignored.
[11:15:22.316896 WARN] [openstudio.measure.OSRunner] Both 'dishwasher' schedule file and monthly multipliers provided; the latter will be ignored.
[11:15:22.327003 WARN] [openstudio.measure.OSRunner] Both 'cooking_range' schedule file and weekday fractions provided; the latter will be ignored.
[11:15:22.327003 WARN] [openstudio.measure.OSRunner] Both 'cooking_range' schedule file and weekend fractions provided; the latter will be ignored.
[11:15:22.327003 WARN] [openstudio.measure.OSRunner] Both 'cooking_range' schedule file and monthly multipliers provided; the latter will be ignored.
[11:15:22.337189 WARN] [openstudio.measure.OSRunner] Both 'hot_water_fixtures' schedule file and weekday fractions provided; the latter will be ignored.
[11:15:22.337189 WARN] [openstudio.measure.OSRunner] Both 'hot_water_fixtures' schedule file and weekend fractions provided; the latter will be ignored.
[11:15:22.337189 WARN] [openstudio.measure.OSRunner] Both 'hot_water_fixtures' schedule file and monthly multipliers provided; the latter will be ignored.
[11:15:22.348976 WARN] [openstudio.measure.OSRunner] Both 'plug_loads_other' schedule file and weekday fractions provided; the latter will be ignored.
[11:15:22.348976 WARN] [openstudio.measure.OSRunner] Both 'plug_loads_other' schedule file and weekend fractions provided; the latter will be ignored.
[11:15:22.348976 WARN] [openstudio.measure.OSRunner] Both 'plug_loads_other' schedule file and monthly multipliers provided; the latter will be ignored.
[11:15:22.352978 WARN] [openstudio.measure.OSRunner] Both 'lighting_garage' schedule file and weekday fractions provided; the latter will be ignored.
[11:15:22.352978 WARN] [openstudio.measure.OSRunner] Both 'lighting_garage' schedule file and weekend fractions provided; the latter will be ignored.
[11:15:22.352978 WARN] [openstudio.measure.OSRunner] Both 'lighting_garage' schedule file and monthly multipliers provided; the latter will be ignored.
[11:15:23.113562 WARN] [utilities.idf.WorkspaceObject] Object of type 'Schedule:Constant' and named 'Always Off Discrete', points to an object named OnOff 1 from field 1, but that object cannot be located.
[11:15:29.342723 WARN] [openstudio.workflow.OSWorkflow] Unable to find sql file at C:/Users/Arnav/Documents/Research/Trane Technologies/resstock-3.2.0_repo/resstock-3.2.0/columbus_upgrades_single_SFD_unit_residence/run1/run/eplusout.sql
