[19:45:17.498744 WARN] [openstudio.workflow.OSWorkflow] No valid weather file defined in either the osm or osw.
[19:45:34.466054 ERROR] [openstudio.measure.OSRunner] Cannot find current Workflow Step
[19:45:34.995388 WARN] [openstudio.WorkflowStepResult] WorkflowStepResult value called with undefined stepResult, returning 'Success'
[19:45:35.144260 ERROR] [openstudio.measure.OSRunner] Cannot find current Workflow Step
[19:45:35.229864 WARN] [openstudio.EpwFile] Successive data points (1999-Jan-31 to 2003-Feb-01, ending on line 753) are greater than 1 day apart in EPW file 'c:/Users/Arnav/Documents/Research/Trane Technologies/resstock-3.2.0_repo/resstock-3.2.0/resources/hpxml-measures/weather/../../../weather/G2700530.epw'. Data will be treated as typical (TMY)
[19:45:35.336560 WARN] [openstudio.EpwFile] Successive data points (1999-Jan-31 to 2003-Feb-01, ending on line 753) are greater than 1 day apart in EPW file 'c:/Users/Arnav/Documents/Research/Trane Technologies/resstock-3.2.0_repo/resstock-3.2.0/resources/hpxml-measures/weather/../../../weather/G2700530.epw'. Data will be treated as typical (TMY)
[19:45:39.588798 WARN] [openstudio.WorkflowStepResult] WorkflowStepResult value called with undefined stepResult, returning 'Success'
[19:45:39.625370 ERROR] [openstudio.measure.OSRunner] Cannot find current Workflow Step
[19:45:40.918913 WARN] [openstudio.EpwFile] Successive data points (1999-Jan-31 to 2003-Feb-01, ending on line 753) are greater than 1 day apart in EPW file 'c:/Users/Arnav/Documents/Research/Trane Technologies/resstock-3.2.0_repo/resstock-3.2.0/weather/G2700530.epw'. Data will be treated as typical (TMY)
[19:45:48.343534 WARN] [openstudio.WorkflowStepResult] WorkflowStepResult value called with undefined stepResult, returning 'Success'
[19:45:48.662246 WARN] [openstudio.EpwFile] Successive data points (1999-Jan-31 to 2003-Feb-01, ending on line 753) are greater than 1 day apart in EPW file 'c:/Users/Arnav/Documents/Research/Trane Technologies/resstock-3.2.0_repo/resstock-3.2.0/weather/G2700530.epw'. Data will be treated as typical (TMY)
[19:45:48.960508 WARN] [openstudio.measure.OSRunner] The model contains existing objects and is being reset.
[19:45:48.960508 WARN] [openstudio.measure.OSRunner] Foundation type of 'AboveApartment' cannot have a non-zero height. Assuming height is zero.
[19:45:48.960508 WARN] [openstudio.measure.OSRunner] c:/Users/Arnav/Documents/Research/Trane Technologies/resstock-3.2.0_repo/resstock-3.2.0/minneapolis_upgrades_single_3_4_unit_residence/run1/run/existing.xml: No clothes washer specified, the model will not include clothes washer energy use. [context: /HPXML/Building/BuildingDetails, id: "MyBuilding"]
[19:45:48.960508 WARN] [openstudio.measure.OSRunner] c:/Users/Arnav/Documents/Research/Trane Technologies/resstock-3.2.0_repo/resstock-3.2.0/minneapolis_upgrades_single_3_4_unit_residence/run1/run/existing.xml: No clothes dryer specified, the model will not include clothes dryer energy use. [context: /HPXML/Building/BuildingDetails, id: "MyBuilding"]
[19:45:48.961508 WARN] [openstudio.measure.OSRunner] c:/Users/Arnav/Documents/Research/Trane Technologies/resstock-3.2.0_repo/resstock-3.2.0/minneapolis_upgrades_single_3_4_unit_residence/run1/run/existing.xml: No dishwasher specified, the model will not include dishwasher energy use. [context: /HPXML/Building/BuildingDetails, id: "MyBuilding"]
[19:45:48.961508 WARN] [openstudio.measure.OSRunner] c:/Users/Arnav/Documents/Research/Trane Technologies/resstock-3.2.0_repo/resstock-3.2.0/minneapolis_upgrades_single_3_4_unit_residence/run1/run/existing.xml: No clothes washer specified, the model will not include clothes washer energy use. [context: /HPXML/Building/BuildingDetails, id: "MyBuilding"]
[19:45:48.961508 WARN] [openstudio.measure.OSRunner] c:/Users/Arnav/Documents/Research/Trane Technologies/resstock-3.2.0_repo/resstock-3.2.0/minneapolis_upgrades_single_3_4_unit_residence/run1/run/existing.xml: No clothes dryer specified, the model will not include clothes dryer energy use. [context: /HPXML/Building/BuildingDetails, id: "MyBuilding"]
[19:45:48.961508 WARN] [openstudio.measure.OSRunner] c:/Users/Arnav/Documents/Research/Trane Technologies/resstock-3.2.0_repo/resstock-3.2.0/minneapolis_upgrades_single_3_4_unit_residence/run1/run/existing.xml: No dishwasher specified, the model will not include dishwasher energy use. [context: /HPXML/Building/BuildingDetails, id: "MyBuilding"]
[19:45:51.890592 WARN] [openstudio.measure.OSRunner] The model contains existing objects and is being reset.
[19:45:52.294519 WARN] [openstudio.EpwFile] Successive data points (1999-Jan-31 to 2003-Feb-01, ending on line 753) are greater than 1 day apart in EPW file 'c:/Users/Arnav/Documents/Research/Trane Technologies/resstock-3.2.0_repo/resstock-3.2.0/weather/G2700530.epw'. Data will be treated as typical (TMY)
[19:45:53.338196 WARN] [openstudio.EpwFile] Successive data points (1999-Jan-31 to 2003-Feb-01, ending on line 753) are greater than 1 day apart in EPW file 'c:/Users/Arnav/Documents/Research/Trane Technologies/resstock-3.2.0_repo/resstock-3.2.0/weather/G2700530.epw'. Data will be treated as typical (TMY)
[19:45:55.359211 WARN] [openstudio.measure.OSRunner] HVAC setpoints have been automatically adjusted to prevent periods where the heating setpoint is greater than the cooling setpoint.
[19:45:55.571040 WARN] [openstudio.measure.OSRunner] Both 'occupants' schedule file and weekday fractions provided; the latter will be ignored.
[19:45:55.571040 WARN] [openstudio.measure.OSRunner] Both 'occupants' schedule file and weekend fractions provided; the latter will be ignored.
[19:45:55.571040 WARN] [openstudio.measure.OSRunner] Both 'occupants' schedule file and monthly multipliers provided; the latter will be ignored.
[19:45:55.610259 WARN] [openstudio.measure.OSRunner] Both 'ceiling_fan' schedule file and weekday fractions provided; the latter will be ignored.
[19:45:55.610427 WARN] [openstudio.measure.OSRunner] Both 'ceiling_fan' schedule file and weekend fractions provided; the latter will be ignored.
[19:45:55.610427 WARN] [openstudio.measure.OSRunner] Both 'ceiling_fan' schedule file and monthly multipliers provided; the latter will be ignored.
[19:45:55.669652 WARN] [openstudio.measure.OSRunner] Both 'cooking_range' schedule file and weekday fractions provided; the latter will be ignored.
[19:45:55.669652 WARN] [openstudio.measure.OSRunner] Both 'cooking_range' schedule file and weekend fractions provided; the latter will be ignored.
[19:45:55.669652 WARN] [openstudio.measure.OSRunner] Both 'cooking_range' schedule file and monthly multipliers provided; the latter will be ignored.
[19:45:55.682972 WARN] [openstudio.measure.OSRunner] Both 'hot_water_fixtures' schedule file and weekday fractions provided; the latter will be ignored.
[19:45:55.682972 WARN] [openstudio.measure.OSRunner] Both 'hot_water_fixtures' schedule file and weekend fractions provided; the latter will be ignored.
[19:45:55.682972 WARN] [openstudio.measure.OSRunner] Both 'hot_water_fixtures' schedule file and monthly multipliers provided; the latter will be ignored.
[19:45:55.695086 WARN] [openstudio.measure.OSRunner] Both 'plug_loads_other' schedule file and weekday fractions provided; the latter will be ignored.
[19:45:55.695086 WARN] [openstudio.measure.OSRunner] Both 'plug_loads_other' schedule file and weekend fractions provided; the latter will be ignored.
[19:45:55.695086 WARN] [openstudio.measure.OSRunner] Both 'plug_loads_other' schedule file and monthly multipliers provided; the latter will be ignored.
[19:45:56.127450 WARN] [utilities.idf.WorkspaceObject] Object of type 'Schedule:Constant' and named 'Always Off Discrete', points to an object named OnOff 1 from field 1, but that object cannot be located.
[19:45:56.127450 WARN] [utilities.idf.WorkspaceObject] Object of type 'Schedule:Constant' and named 'Always On Continuous', points to an object named Fractional 1 from field 1, but that object cannot be located.
[19:46:08.423564 WARN] [openstudio.workflow.OSWorkflow] Unable to find sql file at c:/Users/Arnav/Documents/Research/Trane Technologies/resstock-3.2.0_repo/resstock-3.2.0/minneapolis_upgrades_single_3_4_unit_residence/run1/run/eplusout.sql
