[20:19:32.319024 WARN] [openstudio.workflow.OSWorkflow] No valid weather file defined in either the osm or osw.
[20:19:49.903712 ERROR] [openstudio.measure.OSRunner] Cannot find current Workflow Step
[20:19:50.412837 WARN] [openstudio.WorkflowStepResult] WorkflowStepResult value called with undefined stepResult, returning 'Success'
[20:19:50.537948 ERROR] [openstudio.measure.OSRunner] Cannot find current Workflow Step
[20:19:50.629569 WARN] [openstudio.EpwFile] Successive data points (1999-Jan-31 to 2003-Feb-01, ending on line 753) are greater than 1 day apart in EPW file 'c:/Users/Arnav/Documents/Research/Trane Technologies/resstock-3.2.0_repo/resstock-3.2.0/resources/hpxml-measures/weather/../../../weather/G2700530.epw'. Data will be treated as typical (TMY)
[20:19:50.760074 WARN] [openstudio.EpwFile] Successive data points (1999-Jan-31 to 2003-Feb-01, ending on line 753) are greater than 1 day apart in EPW file 'c:/Users/Arnav/Documents/Research/Trane Technologies/resstock-3.2.0_repo/resstock-3.2.0/resources/hpxml-measures/weather/../../../weather/G2700530.epw'. Data will be treated as typical (TMY)
[20:19:57.383199 WARN] [openstudio.WorkflowStepResult] WorkflowStepResult value called with undefined stepResult, returning 'Success'
[20:19:57.418274 ERROR] [openstudio.measure.OSRunner] Cannot find current Workflow Step
[20:19:58.613668 WARN] [openstudio.EpwFile] Successive data points (1999-Jan-31 to 2003-Feb-01, ending on line 753) are greater than 1 day apart in EPW file 'c:/Users/Arnav/Documents/Research/Trane Technologies/resstock-3.2.0_repo/resstock-3.2.0/weather/G2700530.epw'. Data will be treated as typical (TMY)
[20:20:04.625321 WARN] [openstudio.WorkflowStepResult] WorkflowStepResult value called with undefined stepResult, returning 'Success'
[20:20:04.847817 WARN] [openstudio.EpwFile] Successive data points (1999-Jan-31 to 2003-Feb-01, ending on line 753) are greater than 1 day apart in EPW file 'c:/Users/Arnav/Documents/Research/Trane Technologies/resstock-3.2.0_repo/resstock-3.2.0/weather/G2700530.epw'. Data will be treated as typical (TMY)
[20:20:04.938822 WARN] [openstudio.measure.OSRunner] The model contains existing objects and is being reset.
[20:20:05.638538 WARN] [openstudio.measure.OSRunner] The model contains existing objects and is being reset.
[20:20:05.824261 WARN] [openstudio.EpwFile] Successive data points (1999-Jan-31 to 2003-Feb-01, ending on line 753) are greater than 1 day apart in EPW file 'c:/Users/Arnav/Documents/Research/Trane Technologies/resstock-3.2.0_repo/resstock-3.2.0/weather/G2700530.epw'. Data will be treated as typical (TMY)
[20:20:06.238580 WARN] [openstudio.EpwFile] Successive data points (1999-Jan-31 to 2003-Feb-01, ending on line 753) are greater than 1 day apart in EPW file 'c:/Users/Arnav/Documents/Research/Trane Technologies/resstock-3.2.0_repo/resstock-3.2.0/weather/G2700530.epw'. Data will be treated as typical (TMY)
[20:20:09.042972 WARN] [openstudio.measure.OSRunner] Both 'occupants' schedule file and weekday fractions provided; the latter will be ignored.
[20:20:09.042972 WARN] [openstudio.measure.OSRunner] Both 'occupants' schedule file and weekend fractions provided; the latter will be ignored.
[20:20:09.042972 WARN] [openstudio.measure.OSRunner] Both 'occupants' schedule file and monthly multipliers provided; the latter will be ignored.
[20:20:09.084733 WARN] [openstudio.measure.OSRunner] Both 'ceiling_fan' schedule file and weekday fractions provided; the latter will be ignored.
[20:20:09.085734 WARN] [openstudio.measure.OSRunner] Both 'ceiling_fan' schedule file and weekend fractions provided; the latter will be ignored.
[20:20:09.085734 WARN] [openstudio.measure.OSRunner] Both 'ceiling_fan' schedule file and monthly multipliers provided; the latter will be ignored.
[20:20:09.126396 WARN] [openstudio.measure.OSRunner] Both 'clothes_washer' schedule file and weekday fractions provided; the latter will be ignored.
[20:20:09.126396 WARN] [openstudio.measure.OSRunner] Both 'clothes_washer' schedule file and weekend fractions provided; the latter will be ignored.
[20:20:09.127399 WARN] [openstudio.measure.OSRunner] Both 'clothes_washer' schedule file and monthly multipliers provided; the latter will be ignored.
[20:20:09.131917 WARN] [openstudio.measure.OSRunner] Both 'clothes_dryer' schedule file and weekday fractions provided; the latter will be ignored.
[20:20:09.131917 WARN] [openstudio.measure.OSRunner] Both 'clothes_dryer' schedule file and weekend fractions provided; the latter will be ignored.
[20:20:09.132927 WARN] [openstudio.measure.OSRunner] Both 'clothes_dryer' schedule file and monthly multipliers provided; the latter will be ignored.
[20:20:09.137926 WARN] [openstudio.measure.OSRunner] Both 'dishwasher' schedule file and weekday fractions provided; the latter will be ignored.
[20:20:09.137926 WARN] [openstudio.measure.OSRunner] Both 'dishwasher' schedule file and weekend fractions provided; the latter will be ignored.
[20:20:09.137926 WARN] [openstudio.measure.OSRunner] Both 'dishwasher' schedule file and monthly multipliers provided; the latter will be ignored.
[20:20:09.176641 WARN] [openstudio.measure.OSRunner] Both 'cooking_range' schedule file and weekday fractions provided; the latter will be ignored.
[20:20:09.177644 WARN] [openstudio.measure.OSRunner] Both 'cooking_range' schedule file and weekend fractions provided; the latter will be ignored.
[20:20:09.177644 WARN] [openstudio.measure.OSRunner] Both 'cooking_range' schedule file and monthly multipliers provided; the latter will be ignored.
[20:20:09.188174 WARN] [openstudio.measure.OSRunner] Both 'hot_water_fixtures' schedule file and weekday fractions provided; the latter will be ignored.
[20:20:09.190711 WARN] [openstudio.measure.OSRunner] Both 'hot_water_fixtures' schedule file and weekend fractions provided; the latter will be ignored.
[20:20:09.190711 WARN] [openstudio.measure.OSRunner] Both 'hot_water_fixtures' schedule file and monthly multipliers provided; the latter will be ignored.
[20:20:09.216955 WARN] [openstudio.measure.OSRunner] Both 'plug_loads_other' schedule file and weekday fractions provided; the latter will be ignored.
[20:20:09.217958 WARN] [openstudio.measure.OSRunner] Both 'plug_loads_other' schedule file and weekend fractions provided; the latter will be ignored.
[20:20:09.217958 WARN] [openstudio.measure.OSRunner] Both 'plug_loads_other' schedule file and monthly multipliers provided; the latter will be ignored.
[20:20:09.228413 WARN] [openstudio.measure.OSRunner] Both 'lighting_garage' schedule file and weekday fractions provided; the latter will be ignored.
[20:20:09.228413 WARN] [openstudio.measure.OSRunner] Both 'lighting_garage' schedule file and weekend fractions provided; the latter will be ignored.
[20:20:09.228413 WARN] [openstudio.measure.OSRunner] Both 'lighting_garage' schedule file and monthly multipliers provided; the latter will be ignored.
[20:20:09.746608 WARN] [utilities.idf.WorkspaceObject] Object of type 'Schedule:Constant' and named 'Always Off Discrete', points to an object named OnOff 1 from field 1, but that object cannot be located.
[20:20:22.528527 WARN] [openstudio.workflow.OSWorkflow] Unable to find sql file at c:/Users/Arnav/Documents/Research/Trane Technologies/resstock-3.2.0_repo/resstock-3.2.0/minneapolis_upgrades_single_SFD_unit_residence/run1/run/eplusout.sql
