[11:04:08.650360 WARN] [openstudio.workflow.OSWorkflow] No valid weather file defined in either the osm or osw.
[11:04:13.179210 ERROR] [openstudio.measure.OSRunner] Cannot find current Workflow Step
[11:04:13.394156 WARN] [openstudio.WorkflowStepResult] WorkflowStepResult value called with undefined stepResult, returning 'Success'
[11:04:13.461600 ERROR] [openstudio.measure.OSRunner] Cannot find current Workflow Step
[11:04:13.510156 WARN] [openstudio.EpwFile] Successive data points (1999-Jan-31 to 2002-Feb-01, ending on line 753) are greater than 1 day apart in EPW file 'C:/Users/Arnav/Documents/Research/Trane Technologies/resstock-3.2.0_repo/resstock-3.2.0/resources/hpxml-measures/weather/../../../weather/G3900490.epw'. Data will be treated as typical (TMY)
[11:04:13.564414 WARN] [openstudio.EpwFile] Successive data points (1999-Jan-31 to 2002-Feb-01, ending on line 753) are greater than 1 day apart in EPW file 'C:/Users/Arnav/Documents/Research/Trane Technologies/resstock-3.2.0_repo/resstock-3.2.0/resources/hpxml-measures/weather/../../../weather/G3900490.epw'. Data will be treated as typical (TMY)
[11:04:15.219642 WARN] [openstudio.WorkflowStepResult] WorkflowStepResult value called with undefined stepResult, returning 'Success'
[11:04:15.230551 ERROR] [openstudio.measure.OSRunner] Cannot find current Workflow Step
[11:04:15.662914 WARN] [openstudio.EpwFile] Successive data points (1999-Jan-31 to 2002-Feb-01, ending on line 753) are greater than 1 day apart in EPW file 'C:/Users/Arnav/Documents/Research/Trane Technologies/resstock-3.2.0_repo/resstock-3.2.0/weather/G3900490.epw'. Data will be treated as typical (TMY)
[11:04:17.529551 WARN] [openstudio.WorkflowStepResult] WorkflowStepResult value called with undefined stepResult, returning 'Success'
[11:04:17.594551 WARN] [openstudio.EpwFile] Successive data points (1999-Jan-31 to 2002-Feb-01, ending on line 753) are greater than 1 day apart in EPW file 'C:/Users/Arnav/Documents/Research/Trane Technologies/resstock-3.2.0_repo/resstock-3.2.0/weather/G3900490.epw'. Data will be treated as typical (TMY)
[11:04:17.632046 WARN] [openstudio.measure.OSRunner] The model contains existing objects and is being reset.
[11:04:17.632046 WARN] [openstudio.measure.OSRunner] Foundation type of 'AboveApartment' cannot have a non-zero height. Assuming height is zero.
[11:04:19.741405 ERROR] [openstudio.measure.OSRunner] Cannot find current Workflow Step
[11:04:19.946806 WARN] [openstudio.WorkflowStepResult] WorkflowStepResult value called with undefined stepResult, returning 'Success'
[11:04:20.037717 ERROR] [openstudio.measure.OSRunner] Cannot find current Workflow Step
[11:04:20.072067 WARN] [openstudio.EpwFile] Successive data points (1999-Jan-31 to 2002-Feb-01, ending on line 753) are greater than 1 day apart in EPW file 'C:/Users/Arnav/Documents/Research/Trane Technologies/resstock-3.2.0_repo/resstock-3.2.0/resources/hpxml-measures/weather/../../../weather/G3900490.epw'. Data will be treated as typical (TMY)
[11:04:20.131529 WARN] [openstudio.EpwFile] Successive data points (1999-Jan-31 to 2002-Feb-01, ending on line 753) are greater than 1 day apart in EPW file 'C:/Users/Arnav/Documents/Research/Trane Technologies/resstock-3.2.0_repo/resstock-3.2.0/resources/hpxml-measures/weather/../../../weather/G3900490.epw'. Data will be treated as typical (TMY)
[11:04:21.131915 WARN] [openstudio.WorkflowStepResult] WorkflowStepResult value called with undefined stepResult, returning 'Success'
[11:04:21.149514 ERROR] [openstudio.measure.OSRunner] Cannot find current Workflow Step
[11:04:21.240734 WARN] [openstudio.EpwFile] Successive data points (1999-Jan-31 to 2002-Feb-01, ending on line 753) are greater than 1 day apart in EPW file 'C:/Users/Arnav/Documents/Research/Trane Technologies/resstock-3.2.0_repo/resstock-3.2.0/weather/G3900490.epw'. Data will be treated as typical (TMY)
[11:04:23.230280 WARN] [openstudio.WorkflowStepResult] WorkflowStepResult value called with undefined stepResult, returning 'Success'
[11:04:23.241178 WARN] [openstudio.measure.OSRunner] Specified incompatible corridor; setting corridor position to 'Single Exterior (Front)'.
[11:04:23.588130 WARN] [openstudio.measure.OSRunner] The model contains existing objects and is being reset.
[11:04:23.649253 WARN] [openstudio.EpwFile] Successive data points (1999-Jan-31 to 2002-Feb-01, ending on line 753) are greater than 1 day apart in EPW file 'C:/Users/Arnav/Documents/Research/Trane Technologies/resstock-3.2.0_repo/resstock-3.2.0/weather/G3900490.epw'. Data will be treated as typical (TMY)
[11:04:23.847900 WARN] [openstudio.EpwFile] Successive data points (1999-Jan-31 to 2002-Feb-01, ending on line 753) are greater than 1 day apart in EPW file 'C:/Users/Arnav/Documents/Research/Trane Technologies/resstock-3.2.0_repo/resstock-3.2.0/weather/G3900490.epw'. Data will be treated as typical (TMY)
[11:04:24.602298 WARN] [openstudio.measure.OSRunner] Both 'occupants' schedule file and weekday fractions provided; the latter will be ignored.
[11:04:24.602298 WARN] [openstudio.measure.OSRunner] Both 'occupants' schedule file and weekend fractions provided; the latter will be ignored.
[11:04:24.602298 WARN] [openstudio.measure.OSRunner] Both 'occupants' schedule file and monthly multipliers provided; the latter will be ignored.
[11:04:24.659409 WARN] [openstudio.measure.OSRunner] Both 'ceiling_fan' schedule file and weekday fractions provided; the latter will be ignored.
[11:04:24.659409 WARN] [openstudio.measure.OSRunner] Both 'ceiling_fan' schedule file and weekend fractions provided; the latter will be ignored.
[11:04:24.659409 WARN] [openstudio.measure.OSRunner] Both 'ceiling_fan' schedule file and monthly multipliers provided; the latter will be ignored.
[11:04:24.669068 WARN] [openstudio.measure.OSRunner] Both 'clothes_washer' schedule file and weekday fractions provided; the latter will be ignored.
[11:04:24.669068 WARN] [openstudio.measure.OSRunner] Both 'clothes_washer' schedule file and weekend fractions provided; the latter will be ignored.
[11:04:24.669068 WARN] [openstudio.measure.OSRunner] Both 'clothes_washer' schedule file and monthly multipliers provided; the latter will be ignored.
[11:04:24.678160 WARN] [openstudio.measure.OSRunner] Both 'clothes_dryer' schedule file and weekday fractions provided; the latter will be ignored.
[11:04:24.678160 WARN] [openstudio.measure.OSRunner] Both 'clothes_dryer' schedule file and weekend fractions provided; the latter will be ignored.
[11:04:24.678160 WARN] [openstudio.measure.OSRunner] Both 'clothes_dryer' schedule file and monthly multipliers provided; the latter will be ignored.
[11:04:24.679312 WARN] [openstudio.measure.OSRunner] Both 'dishwasher' schedule file and weekday fractions provided; the latter will be ignored.
[11:04:24.679312 WARN] [openstudio.measure.OSRunner] Both 'dishwasher' schedule file and weekend fractions provided; the latter will be ignored.
[11:04:24.679312 WARN] [openstudio.measure.OSRunner] Both 'dishwasher' schedule file and monthly multipliers provided; the latter will be ignored.
[11:04:24.689473 WARN] [openstudio.measure.OSRunner] Both 'cooking_range' schedule file and weekday fractions provided; the latter will be ignored.
[11:04:24.689473 WARN] [openstudio.measure.OSRunner] Both 'cooking_range' schedule file and weekend fractions provided; the latter will be ignored.
[11:04:24.689473 WARN] [openstudio.measure.OSRunner] Both 'cooking_range' schedule file and monthly multipliers provided; the latter will be ignored.
[11:04:24.694489 WARN] [openstudio.measure.OSRunner] Both 'hot_water_fixtures' schedule file and weekday fractions provided; the latter will be ignored.
[11:04:24.694489 WARN] [openstudio.measure.OSRunner] Both 'hot_water_fixtures' schedule file and weekend fractions provided; the latter will be ignored.
[11:04:24.694489 WARN] [openstudio.measure.OSRunner] Both 'hot_water_fixtures' schedule file and monthly multipliers provided; the latter will be ignored.
[11:04:24.704089 WARN] [openstudio.measure.OSRunner] Both 'plug_loads_other' schedule file and weekday fractions provided; the latter will be ignored.
[11:04:24.704089 WARN] [openstudio.measure.OSRunner] Both 'plug_loads_other' schedule file and weekend fractions provided; the latter will be ignored.
[11:04:24.704089 WARN] [openstudio.measure.OSRunner] Both 'plug_loads_other' schedule file and monthly multipliers provided; the latter will be ignored.
[11:04:24.919305 WARN] [utilities.idf.WorkspaceObject] Object of type 'Schedule:Constant' and named 'Always Off Discrete', points to an object named OnOff 1 from field 1, but that object cannot be located.
[11:04:24.919305 WARN] [utilities.idf.WorkspaceObject] Object of type 'Schedule:Constant' and named 'Always On Continuous', points to an object named Fractional 1 from field 1, but that object cannot be located.
[11:04:28.789443 WARN] [openstudio.workflow.OSWorkflow] Unable to find sql file at C:/Users/Arnav/Documents/Research/Trane Technologies/resstock-3.2.0_repo/resstock-3.2.0/columbus_upgrades_single_2_unit_residence/run3/run/eplusout.sql
