[18:10:32.828905 WARN] [openstudio.workflow.OSWorkflow] No valid weather file defined in either the osm or osw.
[18:10:38.952468 ERROR] [openstudio.measure.OSRunner] Cannot find current Workflow Step
[18:10:39.276319 WARN] [openstudio.WorkflowStepResult] WorkflowStepResult value called with undefined stepResult, returning 'Success'
[18:10:39.338749 ERROR] [openstudio.measure.OSRunner] Cannot find current Workflow Step
[18:10:39.390993 WARN] [openstudio.EpwFile] Successive data points (1999-Jan-31 to 2002-Feb-01, ending on line 753) are greater than 1 day apart in EPW file 'C:/Users/Arnav/Documents/Research/Trane Technologies/resstock-3.2.0_repo/resstock-3.2.0/resources/hpxml-measures/weather/../../../weather/G3900490.epw'. Data will be treated as typical (TMY)
[18:10:39.483796 WARN] [openstudio.EpwFile] Successive data points (1999-Jan-31 to 2002-Feb-01, ending on line 753) are greater than 1 day apart in EPW file 'C:/Users/Arnav/Documents/Research/Trane Technologies/resstock-3.2.0_repo/resstock-3.2.0/resources/hpxml-measures/weather/../../../weather/G3900490.epw'. Data will be treated as typical (TMY)
[18:10:41.558634 WARN] [openstudio.WorkflowStepResult] WorkflowStepResult value called with undefined stepResult, returning 'Success'
[18:10:41.571085 ERROR] [openstudio.measure.OSRunner] Cannot find current Workflow Step
[18:10:42.090453 WARN] [openstudio.EpwFile] Successive data points (1999-Jan-31 to 2002-Feb-01, ending on line 753) are greater than 1 day apart in EPW file 'C:/Users/Arnav/Documents/Research/Trane Technologies/resstock-3.2.0_repo/resstock-3.2.0/weather/G3900490.epw'. Data will be treated as typical (TMY)
[18:10:44.595916 WARN] [openstudio.WorkflowStepResult] WorkflowStepResult value called with undefined stepResult, returning 'Success'
[18:10:44.671850 WARN] [openstudio.EpwFile] Successive data points (1999-Jan-31 to 2002-Feb-01, ending on line 753) are greater than 1 day apart in EPW file 'C:/Users/Arnav/Documents/Research/Trane Technologies/resstock-3.2.0_repo/resstock-3.2.0/weather/G3900490.epw'. Data will be treated as typical (TMY)
[18:10:44.722555 WARN] [openstudio.measure.OSRunner] The model contains existing objects and is being reset.
[18:10:44.722555 WARN] [openstudio.measure.OSRunner] Foundation type of 'AboveApartment' cannot have a non-zero height. Assuming height is zero.
[18:10:47.207614 ERROR] [openstudio.measure.OSRunner] Cannot find current Workflow Step
[18:10:47.456751 WARN] [openstudio.WorkflowStepResult] WorkflowStepResult value called with undefined stepResult, returning 'Success'
[18:10:47.537507 ERROR] [openstudio.measure.OSRunner] Cannot find current Workflow Step
[18:10:47.588405 WARN] [openstudio.EpwFile] Successive data points (1999-Jan-31 to 2002-Feb-01, ending on line 753) are greater than 1 day apart in EPW file 'C:/Users/Arnav/Documents/Research/Trane Technologies/resstock-3.2.0_repo/resstock-3.2.0/resources/hpxml-measures/weather/../../../weather/G3900490.epw'. Data will be treated as typical (TMY)
[18:10:47.659821 WARN] [openstudio.EpwFile] Successive data points (1999-Jan-31 to 2002-Feb-01, ending on line 753) are greater than 1 day apart in EPW file 'C:/Users/Arnav/Documents/Research/Trane Technologies/resstock-3.2.0_repo/resstock-3.2.0/resources/hpxml-measures/weather/../../../weather/G3900490.epw'. Data will be treated as typical (TMY)
[18:10:49.116319 WARN] [openstudio.WorkflowStepResult] WorkflowStepResult value called with undefined stepResult, returning 'Success'
[18:10:49.138229 ERROR] [openstudio.measure.OSRunner] Cannot find current Workflow Step
[18:10:49.245124 WARN] [openstudio.EpwFile] Successive data points (1999-Jan-31 to 2002-Feb-01, ending on line 753) are greater than 1 day apart in EPW file 'C:/Users/Arnav/Documents/Research/Trane Technologies/resstock-3.2.0_repo/resstock-3.2.0/weather/G3900490.epw'. Data will be treated as typical (TMY)
[18:10:51.464834 WARN] [openstudio.WorkflowStepResult] WorkflowStepResult value called with undefined stepResult, returning 'Success'
[18:10:51.471927 WARN] [openstudio.measure.OSRunner] Specified incompatible corridor; setting corridor position to 'Single Exterior (Front)'.
[18:10:51.867819 WARN] [openstudio.measure.OSRunner] The model contains existing objects and is being reset.
[18:10:51.947939 WARN] [openstudio.EpwFile] Successive data points (1999-Jan-31 to 2002-Feb-01, ending on line 753) are greater than 1 day apart in EPW file 'C:/Users/Arnav/Documents/Research/Trane Technologies/resstock-3.2.0_repo/resstock-3.2.0/weather/G3900490.epw'. Data will be treated as typical (TMY)
[18:10:52.285580 WARN] [openstudio.EpwFile] Successive data points (1999-Jan-31 to 2002-Feb-01, ending on line 753) are greater than 1 day apart in EPW file 'C:/Users/Arnav/Documents/Research/Trane Technologies/resstock-3.2.0_repo/resstock-3.2.0/weather/G3900490.epw'. Data will be treated as typical (TMY)
[18:10:53.120989 WARN] [openstudio.measure.OSRunner] Both 'occupants' schedule file and weekday fractions provided; the latter will be ignored.
[18:10:53.120989 WARN] [openstudio.measure.OSRunner] Both 'occupants' schedule file and weekend fractions provided; the latter will be ignored.
[18:10:53.120989 WARN] [openstudio.measure.OSRunner] Both 'occupants' schedule file and monthly multipliers provided; the latter will be ignored.
[18:10:53.183310 WARN] [openstudio.measure.OSRunner] Both 'ceiling_fan' schedule file and weekday fractions provided; the latter will be ignored.
[18:10:53.183310 WARN] [openstudio.measure.OSRunner] Both 'ceiling_fan' schedule file and weekend fractions provided; the latter will be ignored.
[18:10:53.183310 WARN] [openstudio.measure.OSRunner] Both 'ceiling_fan' schedule file and monthly multipliers provided; the latter will be ignored.
[18:10:53.203825 WARN] [openstudio.measure.OSRunner] Both 'clothes_washer' schedule file and weekday fractions provided; the latter will be ignored.
[18:10:53.203825 WARN] [openstudio.measure.OSRunner] Both 'clothes_washer' schedule file and weekend fractions provided; the latter will be ignored.
[18:10:53.203825 WARN] [openstudio.measure.OSRunner] Both 'clothes_washer' schedule file and monthly multipliers provided; the latter will be ignored.
[18:10:53.207828 WARN] [openstudio.measure.OSRunner] Both 'clothes_dryer' schedule file and weekday fractions provided; the latter will be ignored.
[18:10:53.207828 WARN] [openstudio.measure.OSRunner] Both 'clothes_dryer' schedule file and weekend fractions provided; the latter will be ignored.
[18:10:53.207828 WARN] [openstudio.measure.OSRunner] Both 'clothes_dryer' schedule file and monthly multipliers provided; the latter will be ignored.
[18:10:53.209824 WARN] [openstudio.measure.OSRunner] Both 'dishwasher' schedule file and weekday fractions provided; the latter will be ignored.
[18:10:53.210825 WARN] [openstudio.measure.OSRunner] Both 'dishwasher' schedule file and weekend fractions provided; the latter will be ignored.
[18:10:53.210825 WARN] [openstudio.measure.OSRunner] Both 'dishwasher' schedule file and monthly multipliers provided; the latter will be ignored.
[18:10:53.222849 WARN] [openstudio.measure.OSRunner] Both 'cooking_range' schedule file and weekday fractions provided; the latter will be ignored.
[18:10:53.222849 WARN] [openstudio.measure.OSRunner] Both 'cooking_range' schedule file and weekend fractions provided; the latter will be ignored.
[18:10:53.222849 WARN] [openstudio.measure.OSRunner] Both 'cooking_range' schedule file and monthly multipliers provided; the latter will be ignored.
[18:10:53.230388 WARN] [openstudio.measure.OSRunner] Both 'hot_water_fixtures' schedule file and weekday fractions provided; the latter will be ignored.
[18:10:53.231456 WARN] [openstudio.measure.OSRunner] Both 'hot_water_fixtures' schedule file and weekend fractions provided; the latter will be ignored.
[18:10:53.231456 WARN] [openstudio.measure.OSRunner] Both 'hot_water_fixtures' schedule file and monthly multipliers provided; the latter will be ignored.
[18:10:53.248830 WARN] [openstudio.measure.OSRunner] Both 'plug_loads_other' schedule file and weekday fractions provided; the latter will be ignored.
[18:10:53.248830 WARN] [openstudio.measure.OSRunner] Both 'plug_loads_other' schedule file and weekend fractions provided; the latter will be ignored.
[18:10:53.248830 WARN] [openstudio.measure.OSRunner] Both 'plug_loads_other' schedule file and monthly multipliers provided; the latter will be ignored.
[18:10:53.665725 WARN] [utilities.idf.WorkspaceObject] Object of type 'Schedule:Constant' and named 'Always Off Discrete', points to an object named OnOff 1 from field 1, but that object cannot be located.
[18:10:53.665725 WARN] [utilities.idf.WorkspaceObject] Object of type 'Schedule:Constant' and named 'Always On Continuous', points to an object named Fractional 1 from field 1, but that object cannot be located.
[18:11:01.343042 WARN] [openstudio.workflow.OSWorkflow] Unable to find sql file at C:/Users/Arnav/Documents/Research/Trane Technologies/resstock-3.2.0_repo/resstock-3.2.0/columbus_upgrades_single_2_unit_residence/run5/run/eplusout.sql
