[19:52:14.221609 WARN] [openstudio.workflow.OSWorkflow] No valid weather file defined in either the osm or osw.
[19:52:27.652075 ERROR] [openstudio.measure.OSRunner] Cannot find current Workflow Step
[19:52:28.079494 WARN] [openstudio.WorkflowStepResult] WorkflowStepResult value called with undefined stepResult, returning 'Success'
[19:52:28.214495 ERROR] [openstudio.measure.OSRunner] Cannot find current Workflow Step
[19:52:28.307129 WARN] [openstudio.EpwFile] Successive data points (1999-Jan-31 to 2003-Feb-01, ending on line 753) are greater than 1 day apart in EPW file 'c:/Users/Arnav/Documents/Research/Trane Technologies/resstock-3.2.0_repo/resstock-3.2.0/resources/hpxml-measures/weather/../../../weather/G2700530.epw'. Data will be treated as typical (TMY)
[19:52:28.428775 WARN] [openstudio.EpwFile] Successive data points (1999-Jan-31 to 2003-Feb-01, ending on line 753) are greater than 1 day apart in EPW file 'c:/Users/Arnav/Documents/Research/Trane Technologies/resstock-3.2.0_repo/resstock-3.2.0/resources/hpxml-measures/weather/../../../weather/G2700530.epw'. Data will be treated as typical (TMY)
[19:52:32.207366 WARN] [openstudio.WorkflowStepResult] WorkflowStepResult value called with undefined stepResult, returning 'Success'
[19:52:32.247787 ERROR] [openstudio.measure.OSRunner] Cannot find current Workflow Step
[19:52:33.138993 WARN] [openstudio.EpwFile] Successive data points (1999-Jan-31 to 2003-Feb-01, ending on line 753) are greater than 1 day apart in EPW file 'c:/Users/Arnav/Documents/Research/Trane Technologies/resstock-3.2.0_repo/resstock-3.2.0/weather/G2700530.epw'. Data will be treated as typical (TMY)
[19:52:35.702660 WARN] [openstudio.WorkflowStepResult] WorkflowStepResult value called with undefined stepResult, returning 'Success'
[19:52:35.863345 WARN] [openstudio.EpwFile] Successive data points (1999-Jan-31 to 2003-Feb-01, ending on line 753) are greater than 1 day apart in EPW file 'c:/Users/Arnav/Documents/Research/Trane Technologies/resstock-3.2.0_repo/resstock-3.2.0/weather/G2700530.epw'. Data will be treated as typical (TMY)
[19:52:35.954121 WARN] [openstudio.measure.OSRunner] The model contains existing objects and is being reset.
[19:52:35.954121 WARN] [openstudio.measure.OSRunner] Foundation type of 'AboveApartment' cannot have a non-zero height. Assuming height is zero.
[19:52:35.954121 WARN] [openstudio.measure.OSRunner] c:/Users/Arnav/Documents/Research/Trane Technologies/resstock-3.2.0_repo/resstock-3.2.0/minneapolis_upgrades_single_5_9_unit_residence/run2/run/existing.xml: No clothes washer specified, the model will not include clothes washer energy use. [context: /HPXML/Building/BuildingDetails, id: "MyBuilding"]
[19:52:35.954121 WARN] [openstudio.measure.OSRunner] c:/Users/Arnav/Documents/Research/Trane Technologies/resstock-3.2.0_repo/resstock-3.2.0/minneapolis_upgrades_single_5_9_unit_residence/run2/run/existing.xml: No clothes dryer specified, the model will not include clothes dryer energy use. [context: /HPXML/Building/BuildingDetails, id: "MyBuilding"]
[19:52:35.954121 WARN] [openstudio.measure.OSRunner] c:/Users/Arnav/Documents/Research/Trane Technologies/resstock-3.2.0_repo/resstock-3.2.0/minneapolis_upgrades_single_5_9_unit_residence/run2/run/existing.xml: No dishwasher specified, the model will not include dishwasher energy use. [context: /HPXML/Building/BuildingDetails, id: "MyBuilding"]
[19:52:35.954121 WARN] [openstudio.measure.OSRunner] c:/Users/Arnav/Documents/Research/Trane Technologies/resstock-3.2.0_repo/resstock-3.2.0/minneapolis_upgrades_single_5_9_unit_residence/run2/run/existing.xml: No clothes washer specified, the model will not include clothes washer energy use. [context: /HPXML/Building/BuildingDetails, id: "MyBuilding"]
[19:52:35.954121 WARN] [openstudio.measure.OSRunner] c:/Users/Arnav/Documents/Research/Trane Technologies/resstock-3.2.0_repo/resstock-3.2.0/minneapolis_upgrades_single_5_9_unit_residence/run2/run/existing.xml: No clothes dryer specified, the model will not include clothes dryer energy use. [context: /HPXML/Building/BuildingDetails, id: "MyBuilding"]
[19:52:35.955294 WARN] [openstudio.measure.OSRunner] c:/Users/Arnav/Documents/Research/Trane Technologies/resstock-3.2.0_repo/resstock-3.2.0/minneapolis_upgrades_single_5_9_unit_residence/run2/run/existing.xml: No dishwasher specified, the model will not include dishwasher energy use. [context: /HPXML/Building/BuildingDetails, id: "MyBuilding"]
[19:52:39.192542 ERROR] [openstudio.measure.OSRunner] Cannot find current Workflow Step
[19:52:39.544824 WARN] [openstudio.WorkflowStepResult] WorkflowStepResult value called with undefined stepResult, returning 'Success'
[19:52:39.690049 ERROR] [openstudio.measure.OSRunner] Cannot find current Workflow Step
[19:52:39.759993 WARN] [openstudio.EpwFile] Successive data points (1999-Jan-31 to 2003-Feb-01, ending on line 753) are greater than 1 day apart in EPW file 'c:/Users/Arnav/Documents/Research/Trane Technologies/resstock-3.2.0_repo/resstock-3.2.0/resources/hpxml-measures/weather/../../../weather/G2700530.epw'. Data will be treated as typical (TMY)
[19:52:39.857859 WARN] [openstudio.EpwFile] Successive data points (1999-Jan-31 to 2003-Feb-01, ending on line 753) are greater than 1 day apart in EPW file 'c:/Users/Arnav/Documents/Research/Trane Technologies/resstock-3.2.0_repo/resstock-3.2.0/resources/hpxml-measures/weather/../../../weather/G2700530.epw'. Data will be treated as typical (TMY)
[19:52:41.617417 WARN] [openstudio.WorkflowStepResult] WorkflowStepResult value called with undefined stepResult, returning 'Success'
[19:52:41.640086 ERROR] [openstudio.measure.OSRunner] Cannot find current Workflow Step
[19:52:41.787135 WARN] [openstudio.EpwFile] Successive data points (1999-Jan-31 to 2003-Feb-01, ending on line 753) are greater than 1 day apart in EPW file 'c:/Users/Arnav/Documents/Research/Trane Technologies/resstock-3.2.0_repo/resstock-3.2.0/weather/G2700530.epw'. Data will be treated as typical (TMY)
[19:52:43.870500 WARN] [openstudio.WorkflowStepResult] WorkflowStepResult value called with undefined stepResult, returning 'Success'
[19:52:43.883472 WARN] [openstudio.measure.OSRunner] Specified incompatible corridor; setting corridor position to 'Single Exterior (Front)'.
[19:52:44.415664 WARN] [openstudio.measure.OSRunner] The model contains existing objects and is being reset.
[19:52:44.510051 WARN] [openstudio.EpwFile] Successive data points (1999-Jan-31 to 2003-Feb-01, ending on line 753) are greater than 1 day apart in EPW file 'c:/Users/Arnav/Documents/Research/Trane Technologies/resstock-3.2.0_repo/resstock-3.2.0/weather/G2700530.epw'. Data will be treated as typical (TMY)
[19:52:44.795533 WARN] [openstudio.EpwFile] Successive data points (1999-Jan-31 to 2003-Feb-01, ending on line 753) are greater than 1 day apart in EPW file 'c:/Users/Arnav/Documents/Research/Trane Technologies/resstock-3.2.0_repo/resstock-3.2.0/weather/G2700530.epw'. Data will be treated as typical (TMY)
[19:52:45.848833 WARN] [openstudio.measure.OSRunner] Both 'occupants' schedule file and weekday fractions provided; the latter will be ignored.
[19:52:45.848833 WARN] [openstudio.measure.OSRunner] Both 'occupants' schedule file and weekend fractions provided; the latter will be ignored.
[19:52:45.848833 WARN] [openstudio.measure.OSRunner] Both 'occupants' schedule file and monthly multipliers provided; the latter will be ignored.
[19:52:45.912828 WARN] [openstudio.measure.OSRunner] Both 'ceiling_fan' schedule file and weekday fractions provided; the latter will be ignored.
[19:52:45.912828 WARN] [openstudio.measure.OSRunner] Both 'ceiling_fan' schedule file and weekend fractions provided; the latter will be ignored.
[19:52:45.912828 WARN] [openstudio.measure.OSRunner] Both 'ceiling_fan' schedule file and monthly multipliers provided; the latter will be ignored.
[19:52:45.967372 WARN] [openstudio.measure.OSRunner] Both 'cooking_range' schedule file and weekday fractions provided; the latter will be ignored.
[19:52:45.967372 WARN] [openstudio.measure.OSRunner] Both 'cooking_range' schedule file and weekend fractions provided; the latter will be ignored.
[19:52:45.967372 WARN] [openstudio.measure.OSRunner] Both 'cooking_range' schedule file and monthly multipliers provided; the latter will be ignored.
[19:52:45.978913 WARN] [openstudio.measure.OSRunner] Both 'hot_water_fixtures' schedule file and weekday fractions provided; the latter will be ignored.
[19:52:45.978913 WARN] [openstudio.measure.OSRunner] Both 'hot_water_fixtures' schedule file and weekend fractions provided; the latter will be ignored.
[19:52:45.978913 WARN] [openstudio.measure.OSRunner] Both 'hot_water_fixtures' schedule file and monthly multipliers provided; the latter will be ignored.
[19:52:45.987342 WARN] [openstudio.measure.OSRunner] Both 'plug_loads_other' schedule file and weekday fractions provided; the latter will be ignored.
[19:52:45.987342 WARN] [openstudio.measure.OSRunner] Both 'plug_loads_other' schedule file and weekend fractions provided; the latter will be ignored.
[19:52:45.987342 WARN] [openstudio.measure.OSRunner] Both 'plug_loads_other' schedule file and monthly multipliers provided; the latter will be ignored.
[19:52:46.451498 WARN] [utilities.idf.WorkspaceObject] Object of type 'Schedule:Constant' and named 'Always Off Discrete', points to an object named OnOff 1 from field 1, but that object cannot be located.
[19:52:46.451498 WARN] [utilities.idf.WorkspaceObject] Object of type 'Schedule:Constant' and named 'Always On Continuous', points to an object named Fractional 1 from field 1, but that object cannot be located.
[19:52:54.355806 WARN] [openstudio.workflow.OSWorkflow] Unable to find sql file at c:/Users/Arnav/Documents/Research/Trane Technologies/resstock-3.2.0_repo/resstock-3.2.0/minneapolis_upgrades_single_5_9_unit_residence/run2/run/eplusout.sql
